0 8225635.515329 11469126.405907
1 8225635.515329 11274519.616568
2 8214763.613639 9253763.132294
3 6853252.973808 9069182.416836
4 6853252.973808 8441658.448526
5 6853252.973808 8181358.379643
6 6797286.886334 8046262.314742
7 6797286.886334 7784665.049243
8 6797286.886334 7190480.401294
9 6764696.082484 7365696.007074
10 6764696.082484 7110469.169167
11 6764696.082484 7169198.830199
12 6764696.082484 7061407.111238
13 6761675.343029 7607474.843454
14 6761675.343029 7055798.812563
15 6754063.354529 7127786.756420
16 6754063.354529 6960631.008533
17 6754063.354529 6896660.861376
18 6754063.354529 6984633.902329
19 6754063.354529 6969920.712224
20 6754063.354529 7047015.399056
21 6754063.354529 6948962.557945
22 6754063.354529 6908542.511361
23 6754063.354529 7031718.017917
24 6754063.354529 6920501.181853
25 6754063.354529 6986598.197810
26 6754063.354529 6863660.701175
27 6754063.354529 7106721.873299
28 6749060.941084 6766317.249391
29 6749060.941084 6912035.576899
30 6749060.941084 6980377.489436
31 6749060.941084 7037532.450866
32 6749060.941084 6915276.472244
33 6749060.941084 7293014.506066
34 6749060.941084 7461917.878880
35 6749060.941084 7554429.652394
36 6749060.941084 7098281.775983
37 6749060.941084 7044064.804540
38 6748257.034815 7070680.410905
39 6748257.034815 7037963.731699
40 6748257.034815 7304146.595193
41 6748257.034815 7805431.530982
42 6748257.034815 7355782.583809
43 6748257.034815 7570371.308794
44 6748257.034815 7522984.177466
45 6748257.034815 7128010.736579
46 6748257.034815 7179392.787036
47 6748257.034815 7200716.095497
48 6748257.034815 7367451.773685
49 6748257.034815 7016740.316262
50 6748257.034815 6906853.033810
51 6748257.034815 6823790.886472
52 6748257.034815 6891097.721717
53 6748257.034815 7037018.314383
54 6748257.034815 6970361.798149
55 6748257.034815 7206073.239853
56 6748257.034815 7086455.583105
57 6748257.034815 6871774.467475
58 6748257.034815 7407983.966810
59 6748257.034815 7089344.871835
60 6748257.034815 6964176.837744
61 6748257.034815 6883032.728410
62 6748257.034815 6832509.302287
63 6748257.034815 6899691.514215
64 6748257.034815 6987800.203904
65 6748257.034815 6830281.964933
66 6748257.034815 6805282.125852
67 6748257.034815 6889982.271396
68 6748257.034815 7203063.444586
69 6748257.034815 7066534.407926
70 6748257.034815 6877572.659192
71 6748257.034815 6914284.962924
72 6748257.034815 7220260.090755
73 6748257.034815 6908231.984952
74 6748257.034815 6837919.954926
75 6748257.034815 6843921.051444
76 6748257.034815 6875575.240230
77 6748257.034815 6824847.397947
78 6748257.034815 6749284.018499
79 6748257.034815 6805656.990840
80 6748257.034815 6863096.221512
81 6748257.034815 7012757.468091
82 6748257.034815 6825049.880669
83 6748257.034815 6861855.455892
84 6748257.034815 6938854.247036
85 6748257.034815 7291182.530303
86 6748257.034815 7326173.896397
87 6748257.034815 7038967.696921
88 6748257.034815 6914178.628510
89 6748257.034815 7014843.106908
90 6748257.034815 6851330.470209
91 6748257.034815 7153962.925077
92 6748257.034815 7358943.438516
93 6748257.034815 7113840.260459
94 6748257.034815 7020596.058992
95 6748257.034815 6994060.497246
96 6748257.034815 6760377.353151
97 6748257.034815 6765220.741483
98 6748257.034815 6753903.520300
99 6748257.034815 6755976.844964
100 6748257.034815 6819716.329886
101 6748257.034815 7249834.551239
102 6748257.034815 6890507.950626
103 6748257.034815 6778113.898945
104 6748257.034815 6752998.835745
105 6748257.034815 6823416.316390
106 6748257.034815 6807801.347328
107 6748257.034815 6809292.941208
108 6748257.034815 6862413.354753
109 6748257.034815 7118512.178709
110 6748257.034815 6930575.288913
111 6748257.034815 6940639.675437
112 6748257.034815 6838618.471361
113 6748257.034815 6782968.385013
114 6748257.034815 6896734.329493
115 6748257.034815 6939912.671251
116 6748257.034815 6868766.705398
117 6748257.034815 6841324.702983
118 6748257.034815 6787108.945397
119 6748257.034815 6831669.609513
120 6748257.034815 6752734.895697
121 6748257.034815 6871416.051583
122 6748257.034815 6988614.155826
123 6748257.034815 6769046.295300
124 6748257.034815 6802684.252098
125 6748257.034815 7032351.703648
126 6748257.034815 7269484.438398
127 6748257.034815 7056733.531880
128 6748257.034815 7010746.640303
129 6748257.034815 7102121.824161
130 6748257.034815 7026053.898772
131 6748257.034815 6900629.582661
132 6748257.034815 6772796.099376
133 6748257.034815 6901221.821079
134 6748257.034815 7234875.897685
135 6748257.034815 7358446.625912
136 6748257.034815 7094942.957041
137 6748257.034815 7158670.805748
138 6748257.034815 7281098.482794
139 6748257.034815 7032751.654132
140 6748257.034815 7192811.626786
141 6748257.034815 7042309.656512
142 6748257.034815 6950514.271020
143 6748257.034815 7371879.027490
144 6748257.034815 6995563.440869
145 6748257.034815 6819066.281472
146 6748257.034815 6759610.114051
147 6748257.034815 6891905.065259
148 6748257.034815 7408322.680101
149 6748257.034815 7282404.597717
150 6748257.034815 6999004.038012
151 6748257.034815 7025416.663664
152 6748257.034815 6789385.550694
153 6748257.034815 6808680.366231
154 6748257.034815 6915767.717061
155 6748257.034815 7165999.465168
156 6748257.034815 7042822.345336
157 6748257.034815 6978631.204181
158 6748257.034815 6958270.316462
159 6748257.034815 6785757.374726
160 6748257.034815 6842701.479142
161 6748257.034815 6945514.120494
162 6748257.034815 7141653.863572
163 6748257.034815 6924431.491596
164 6748257.034815 6973293.054059
165 6748257.034815 6981505.548742
166 6748257.034815 6944826.091566
167 6748257.034815 7279103.838854
168 6748257.034815 6854887.167628
169 6748257.034815 6753179.567962
170 6748257.034815 7326113.019073
171 6748257.034815 6967943.531883
172 6748257.034815 7080943.500902
173 6748257.034815 6919314.579433
174 6748257.034815 6789205.736781
175 6748257.034815 6782546.415597
176 6748257.034815 6964709.052350
177 6748257.034815 6749570.191791
178 6748257.034815 7186638.124685
179 6748257.034815 6932157.870756
180 6748257.034815 6868910.692874
181 6748257.034815 6949982.762864
182 6748257.034815 6885690.287934
183 6748257.034815 7023349.936255
184 6748257.034815 7036819.200492
185 6748257.034815 6844590.855321
186 6748257.034815 6752346.739910
187 6748257.034815 7459015.580347
188 6748257.034815 7001133.207403
189 6748257.034815 7040385.676989
190 6748257.034815 6990456.050017
191 6748257.034815 7401120.205310
192 6748257.034815 7146900.984724
193 6748257.034815 7033621.124795
194 6748257.034815 7280701.033555
195 6748257.034815 7253662.528363
196 6748257.034815 7189771.914618
197 6748257.034815 7234921.788086
198 6748257.034815 7038118.239275
199 6748257.034815 7032004.489474
200 6748257.034815 7092227.412028
201 6748257.034815 7002813.922992
202 6748257.034815 6907079.196693
203 6748257.034815 7097192.757316
204 6675336.915900 7264608.813871
205 6674943.324995 7308831.694319
206 6674943.324995 7184784.472216
207 6670439.708322 7326389.243376
208 6670439.708322 6887796.378625
209 6670439.708322 6869139.336995
210 6655758.942469 7068397.839874
211 6655758.942469 7007175.754894
212 6655758.942469 6959555.832138
213 6655758.942469 6937165.844277
214 6655758.942469 7016403.190789
215 6655758.942469 7085449.213501
216 6655758.942469 6787727.906626
217 6655758.942469 6911010.347396
218 6655758.942469 6933973.484742
219 6655758.942469 6967824.131072
220 6655758.942469 6763405.642958
221 6655758.942469 6682851.548634
222 6655758.942469 6774310.441030
223 6655758.942469 6781835.641792
224 6655758.942469 6669209.876230
225 6655758.942469 6748348.256435
226 6655758.942469 6843211.377400
227 6655758.942469 6696001.920474
228 6655758.942469 6940833.305272
229 6650245.187056 6803760.763002
230 6645027.932196 6714064.228993
231 6645027.932196 6788339.161599
232 6645027.932196 6784122.109957
233 6645027.932196 6837109.747275
234 6645027.932196 6874376.922956
235 6645027.932196 6908725.198728
236 6645027.932196 7060998.239639
237 6645027.932196 6910844.444468
238 6645027.932196 6772339.501408
239 6645027.932196 6808206.838569
240 6645027.932196 6808235.320071
241 6645027.932196 6830728.741034
242 6645027.932196 6894410.887791
243 6645027.932196 6735334.571152
244 6645027.932196 6737751.905378
245 6645027.932196 6662758.838655
246 6645027.932196 6729252.868059
247 6645027.932196 6658987.315234
248 6645027.932196 6685310.726380
249 6645027.932196 6731633.536310
250 6645027.932196 6709334.001783
251 6642007.192741 6826597.481562
252 6642007.192741 6983293.714512
253 6642007.192741 6862274.319386
254 6642007.192741 6899066.765518
255 6642007.192741 7295318.062817
256 6642007.192741 6804722.359263
257 6642007.192741 6867235.931147
258 6642007.192741 6794647.686590
259 6642007.192741 6815391.447728
260 6642007.192741 6913829.578027
261 6642007.192741 6762073.670205
262 6642007.192741 6814812.140638
263 6642007.192741 6958993.556763
264 6642007.192741 7090271.911341
265 6642007.192741 6865715.197035
266 6642007.192741 6805596.943482
267 6642007.192741 6790820.052006
268 6642007.192741 6766708.946739
269 6642007.192741 6715063.868154
270 6642007.192741 6674081.561867
271 6642007.192741 6642007.192741
272 6642007.192741 6703297.574315
273 6642007.192741 6642795.072912
274 6642007.192741 6948589.350921
275 6642007.192741 7119255.471118
276 6642007.192741 6988092.877491
277 6642007.192741 6795181.812667
278 6642007.192741 6904673.378197
279 6642007.192741 7209382.785245
280 6642007.192741 6835773.363880
281 6642007.192741 6995931.615937
282 6642007.192741 7016283.746991
283 6642007.192741 6981636.896870
284 6642007.192741 7082508.264071
285 6642007.192741 6952148.993938
286 6642007.192741 6974799.968682
287 6642007.192741 7228411.537732
288 6642007.192741 6970029.349019
289 6642007.192741 6975004.153017
290 6642007.192741 6909805.543573
291 6642007.192741 6925350.528763
292 6642007.192741 7197917.987221
293 6642007.192741 7127952.058662
294 6642007.192741 6927011.791612
295 6642007.192741 7128401.559072
296 6642007.192741 7113142.501364
297 6642007.192741 7220059.925477
298 6642007.192741 7245687.511805
299 6642007.192741 7237567.000043
300 6642007.192741 7121940.758596
301 6642007.192741 7107264.825521
302 6642007.192741 7335927.240826
303 6642007.192741 7019629.425341
304 6642007.192741 6776273.889147
305 6642007.192741 6891582.111216
306 6642007.192741 6878517.973109
307 6642007.192741 6825603.456061
308 6642007.192741 6717340.694319
309 6642007.192741 6777832.577258
310 6642007.192741 6920730.273445
311 6642007.192741 6956586.068102
312 6642007.192741 7149747.678487
313 6642007.192741 6881963.053503
314 6642007.192741 6816992.763949
315 6642007.192741 6867602.876007
316 6642007.192741 6771633.095497
317 6642007.192741 7018398.734662
318 6642007.192741 6694988.970066
319 6642007.192741 7051847.255324
320 6642007.192741 7211543.672525
321 6642007.192741 6768658.254829
322 6642007.192741 6648033.281282
323 6642007.192741 6653544.855860
324 6642007.192741 6759306.694186
325 6642007.192741 6787410.081368
326 6642007.192741 6830390.402951
327 6642007.192741 6922128.592971
328 6642007.192741 6869504.294331
329 6642007.192741 6951701.555592
330 6642007.192741 6671446.672207
331 6642007.192741 6769181.940261
332 6642007.192741 6866138.146947
333 6642007.192741 7030281.691938
334 6642007.192741 6733098.659339
335 6642007.192741 6933763.384709
336 6642007.192741 6685631.575384
337 6642007.192741 6677850.124284
338 6642007.192741 6662761.678423
339 6642007.192741 6887541.549344
340 6642007.192741 7121068.324264
341 6642007.192741 6941003.860821
342 6642007.192741 7127110.803422
343 6642007.192741 7591362.125010
344 6642007.192741 6836409.929460
345 6642007.192741 6703756.450104
346 6642007.192741 6733145.748609
347 6642007.192741 6776889.679559
348 6642007.192741 6791680.646700
349 6642007.192741 6761747.607975
350 6642007.192741 6760446.232944
351 6642007.192741 6897417.254287
352 6642007.192741 6822920.820867
353 6642007.192741 6881012.389063
354 6642007.192741 6883641.423171
355 6642007.192741 6750047.758214
356 6642007.192741 6969485.911328
357 6642007.192741 6990217.000485
358 6642007.192741 6708190.785449
359 6642007.192741 6846117.443170
360 6642007.192741 7003670.004282
361 6642007.192741 6944668.921264
362 6642007.192741 6944822.364067
363 6642007.192741 6947273.062877
364 6642007.192741 6749864.090192
365 6642007.192741 6657137.036978
366 6642007.192741 6762033.593859
367 6642007.192741 6993657.652973
368 6642007.192741 7098626.241279
369 6642007.192741 7560028.808995
370 6642007.192741 7038801.794021
371 6642007.192741 7531711.806748
372 6642007.192741 6799924.402586
373 6642007.192741 6936589.406938
374 6642007.192741 6710289.013741
375 6642007.192741 6826246.042168
376 6642007.192741 6788240.761892
377 6642007.192741 6930972.856729
378 6642007.192741 6749141.458597
379 6642007.192741 6749950.914800
380 6642007.192741 6746530.892192
381 6642007.192741 6706758.106030
382 6642007.192741 6666416.845120
383 6642007.192741 6782752.392705
384 6642007.192741 6751885.810731
385 6642007.192741 6794559.199025
386 6642007.192741 6760925.950200
387 6642007.192741 6843339.077761
388 6642007.192741 6684423.820559
389 6642007.192741 6665207.169155
390 6642007.192741 6659219.310198
391 6642007.192741 6642007.192741
392 6642007.192741 6792493.776283
393 6642007.192741 6935143.076184
394 6642007.192741 6643034.176426
395 6642007.192741 6642361.617007
396 6642007.192741 6663350.727891
397 6642007.192741 6791831.619815
398 6642007.192741 6729529.185329
399 6642007.192741 6844607.913900
400 6642007.192741 6809342.279509
401 6642007.192741 6914427.426054
402 6642007.192741 6876028.283416
403 6642007.192741 6895505.638447
404 6642007.192741 6898722.041933
405 6642007.192741 6725304.291688
406 6642007.192741 6786232.932731
407 6642007.192741 7085960.641008
408 6642007.192741 6739527.843205
409 6642007.192741 6730908.125917
410 6642007.192741 6848417.440059
411 6642007.192741 6984136.910623
412 6642007.192741 6744102.155524
413 6642007.192741 6765392.997556
414 6642007.192741 6643592.366961
415 6642007.192741 6672448.336911
416 6642007.192741 6702889.481080
417 6642007.192741 6734832.266401
418 6642007.192741 6815955.991038
419 6642007.192741 6793496.143297
420 6642007.192741 6797239.422015
421 6642007.192741 6807201.274349
422 6642007.192741 6746328.657197
423 6642007.192741 7133741.541920
424 6642007.192741 7450321.692442
425 6642007.192741 7110594.350889
426 6642007.192741 7005290.229823
427 6642007.192741 6935343.751678
428 6642007.192741 6676643.286532
429 6642007.192741 6857943.226394
430 6642007.192741 7126064.946242
431 6642007.192741 6969147.174661
432 6642007.192741 6864902.575502
433 6642007.192741 6863400.890895
434 6642007.192741 6829496.777097
435 6642007.192741 7198062.792837
436 6642007.192741 6887830.705994
437 6642007.192741 6835168.682918
438 6642007.192741 6971786.915025
439 6642007.192741 6988727.505879
440 6642007.192741 7060407.138060
441 6642007.192741 7010089.848249
442 6642007.192741 6892103.060658
443 6642007.192741 6868424.137874
444 6642007.192741 7117977.557308
445 6642007.192741 6909637.739089
446 6642007.192741 6947563.957241
447 6642007.192741 6766366.219395
448 6642007.192741 7053702.851483
449 6642007.192741 6733591.582457
450 6642007.192741 6803747.921265
451 6642007.192741 6808525.434670
452 6642007.192741 7035718.802352
453 6642007.192741 6907131.603404
454 6642007.192741 6777811.371425
455 6642007.192741 6879075.858105
456 6642007.192741 6964983.953970
457 6642007.192741 7022000.104221
458 6642007.192741 6655584.388317
459 6642007.192741 6672662.756110
460 6642007.192741 6657159.431467
461 6642007.192741 6855146.077874
462 6642007.192741 6869649.164353
463 6642007.192741 6684793.883474
464 6642007.192741 6690110.741933
465 6642007.192741 6951411.081614
466 6642007.192741 7056735.982454
467 6642007.192741 6962031.477819
468 6642007.192741 6886749.140754
469 6642007.192741 6722169.262728
470 6642007.192741 6790813.507755
471 6642007.192741 6813168.266471
472 6642007.192741 6770274.754656
473 6642007.192741 6761409.834008
474 6642007.192741 7103581.778777
475 6642007.192741 6846086.839377
476 6642007.192741 7460583.447801
477 6642007.192741 7264503.484220
478 6642007.192741 6968627.181960
479 6642007.192741 6864102.605144
480 6642007.192741 6697482.589571
481 6642007.192741 7047519.180729
482 6642007.192741 6646900.287466
483 6642007.192741 6736968.028652
484 6642007.192741 6775600.122170
485 6642007.192741 6750535.415126
486 6642007.192741 7203512.182450
487 6642007.192741 6807328.077406
488 6642007.192741 7150460.674177
489 6642007.192741 6811744.357231
490 6642007.192741 7190806.640986
491 6642007.192741 6769303.047384
492 6642007.192741 7138592.341869
493 6642007.192741 6682060.282377
494 6642007.192741 6834356.593673
495 6642007.192741 6848414.202318
496 6642007.192741 7014616.819238
497 6642007.192741 7045000.585453
498 6642007.192741 6792018.613242
499 6642007.192741 6731435.781068
500 6642007.192741 6729425.182876
501 6642007.192741 6795604.896065
502 6642007.192741 6720795.125547
503 6642007.192741 6642136.728881
504 6642007.192741 6933476.862342
505 6642007.192741 6871958.294054
506 6642007.192741 6904109.231330
507 6642007.192741 6763530.580659
508 6642007.192741 6841201.715156
509 6642007.192741 6758997.693076
510 6642007.192741 6749486.352192
511 6642007.192741 7044899.875083
512 6642007.192741 7067845.826010
513 6642007.192741 6893693.160283
514 6642007.192741 7064970.881176
515 6642007.192741 6802928.648299
516 6642007.192741 6750142.098731
517 6642007.192741 6797281.323581
518 6642007.192741 6849457.627450
519 6642007.192741 6846225.955567
520 6642007.192741 6734974.266721
521 6642007.192741 6663654.544827
522 6642007.192741 6658834.691349
523 6642007.192741 6827203.878893
524 6642007.192741 6725186.884327
525 6642007.192741 6865262.510819
526 6642007.192741 6754654.268890
527 6642007.192741 6836957.764925
528 6642007.192741 6847722.064405
529 6642007.192741 6733242.620271
530 6642007.192741 6730027.766118
531 6642007.192741 6787550.783476
532 6642007.192741 6732970.420299
533 6642007.192741 6732172.798770
534 6642007.192741 6694672.704553
535 6642007.192741 6672737.763389
536 6642007.192741 6865640.811670
537 6642007.192741 6905943.029214
538 6642007.192741 6869265.487886
539 6642007.192741 7513487.411872
540 6642007.192741 7749137.554008
541 6642007.192741 7160248.296047
542 6642007.192741 6877746.715378
543 6642007.192741 6987159.888985
544 6642007.192741 7342463.698131
545 6642007.192741 6705806.277207
546 6642007.192741 6886816.873510
547 6642007.192741 7044138.191498
548 6642007.192741 6787307.588986
549 6642007.192741 6770255.717903
550 6642007.192741 6740260.131795
551 6642007.192741 6682724.493645
552 6642007.192741 6737543.868495
553 6642007.192741 7176820.210804
554 6642007.192741 6805671.463697
555 6642007.192741 6672167.972604
556 6642007.192741 6968653.342444
557 6642007.192741 6783587.622346
558 6642007.192741 6844333.771940
559 6642007.192741 6833673.176963
560 6642007.192741 6670531.249246
561 6642007.192741 6818157.832915
562 6642007.192741 6734252.325909
563 6642007.192741 6744579.407672
564 6642007.192741 6706302.977885
565 6642007.192741 6724146.325570
566 6642007.192741 6676867.704537
567 6642007.192741 6730289.622944
568 6642007.192741 6668385.464404
569 6642007.192741 6711115.877181
570 6642007.192741 6770231.082525
571 6642007.192741 6665026.826474
572 6642007.192741 6775234.359444
573 6642007.192741 6752241.187708
574 6642007.192741 6915911.798299
575 6642007.192741 6960167.930200
576 6642007.192741 7110923.642768
577 6642007.192741 6977537.324848
578 6642007.192741 6917278.185386
579 6642007.192741 6851259.141013
580 6642007.192741 6824794.397118
581 6642007.192741 6819480.563662
582 6642007.192741 6889736.449191
583 6642007.192741 6783771.092894
584 6642007.192741 6699242.984142
585 6642007.192741 7090481.398339
586 6642007.192741 6907918.816965
587 6642007.192741 6757856.795775
588 6642007.192741 6756113.794307
589 6642007.192741 6868626.289461
590 6642007.192741 6749178.335521
591 6642007.192741 7057168.126697
592 6642007.192741 6910076.935878
593 6642007.192741 7021051.969502
594 6642007.192741 7012069.434606
595 6642007.192741 7287851.342252
596 6642007.192741 6924319.041284
597 6642007.192741 6917300.150162
598 6642007.192741 6787906.620110
599 6642007.192741 6828765.030643
600 6642007.192741 6704085.408855
601 6642007.192741 6689720.026650
602 6642007.192741 6753693.877944
603 6642007.192741 6761770.154342
604 6642007.192741 6723807.492051
605 6642007.192741 7074340.636875
606 6642007.192741 6877420.705658
607 6642007.192741 6892574.068680
608 6642007.192741 6719167.394669
609 6642007.192741 6756579.003519
610 6642007.192741 6775895.337708
611 6642007.192741 6748502.157098
612 6642007.192741 6757789.170372
613 6642007.192741 6727937.126567
614 6642007.192741 6908837.870816
615 6642007.192741 6917757.896992
616 6642007.192741 7306071.959603
617 6642007.192741 6866024.003855
618 6642007.192741 6660664.569001
619 6642007.192741 6734154.786130
620 6642007.192741 6715309.566775
621 6642007.192741 6716722.919889
622 6642007.192741 6702621.729110
623 6642007.192741 6863131.623138
624 6642007.192741 6981639.231217
625 6642007.192741 7101634.763463
626 6642007.192741 7224013.018917
627 6642007.192741 7016524.838515
628 6642007.192741 7074110.341034
629 6642007.192741 6961427.365503
630 6642007.192741 7163016.503335
631 6642007.192741 7074689.469858
632 6642007.192741 6998045.046294
633 6642007.192741 7135825.038525
634 6642007.192741 6898137.402452
635 6642007.192741 6898405.468527
636 6642007.192741 6869266.195481
637 6642007.192741 6866335.074784
638 6642007.192741 6959906.823826
639 6642007.192741 7129841.647068
640 6642007.192741 6919722.976591
641 6642007.192741 6965684.647367
642 6642007.192741 6995606.886417
643 6642007.192741 6919170.009006
644 6642007.192741 7228857.755202
645 6642007.192741 6780726.886710
646 6642007.192741 6733562.956617
647 6642007.192741 6868867.448374
648 6642007.192741 6776919.422530
649 6642007.192741 6735684.060820
650 6642007.192741 6762266.191951
651 6642007.192741 6744266.280189
652 6642007.192741 7052803.842348
653 6642007.192741 6709679.777022
654 6642007.192741 6799834.336402
655 6642007.192741 6689565.734621
656 6642007.192741 6894991.884628
657 6642007.192741 6864287.843668
658 6642007.192741 6735718.356101
659 6642007.192741 6770998.046208
660 6642007.192741 6817418.550479
661 6642007.192741 6699249.118095
662 6642007.192741 6669074.741089
663 6642007.192741 6698752.455398
664 6642007.192741 6793062.070716
665 6642007.192741 6779786.621232
666 6642007.192741 6699934.902045
667 6642007.192741 6677164.023882
668 6642007.192741 6786208.349304
669 6642007.192741 6645083.799424
670 6642007.192741 6642984.390363
671 6642007.192741 6649942.551127
672 6642007.192741 7177078.845618
673 6642007.192741 7252077.238038
674 6642007.192741 6772338.533757
675 6642007.192741 7052171.458684
676 6642007.192741 6724934.695243
677 6642007.192741 6723583.399047
678 6642007.192741 6714663.452184
679 6642007.192741 6819786.034600
680 6642007.192741 6863394.533355
681 6642007.192741 7307655.195406
682 6642007.192741 7025803.276974
683 6642007.192741 7006962.282899
684 6642007.192741 6922189.578509
685 6642007.192741 7016950.796247
686 6642007.192741 7012738.909195
687 6642007.192741 7041699.174991
688 6642007.192741 6945152.563138
689 6642007.192741 6844454.297982
690 6642007.192741 6945365.747972
691 6642007.192741 7070148.609296
692 6642007.192741 6884224.926982
693 6642007.192741 6779772.735153
694 6642007.192741 6804476.466059
695 6642007.192741 6759247.402301
696 6642007.192741 7193145.273757
697 6642007.192741 6883482.432442
698 6642007.192741 6826441.196980
699 6642007.192741 6795258.848097
700 6642007.192741 6838344.344535
701 6642007.192741 6920458.014421
702 6642007.192741 6856248.168819
703 6642007.192741 6732328.575122
704 6642007.192741 6731995.990991
705 6642007.192741 6719598.770459
706 6642007.192741 7030405.866391
707 6642007.192741 6991257.325744
708 6642007.192741 7208658.042268
709 6642007.192741 7009036.591340
710 6642007.192741 7041708.315300
711 6642007.192741 7346088.774160
712 6642007.192741 7260242.420433
713 6642007.192741 7078809.286365
714 6642007.192741 7121894.714941
715 6642007.192741 6896915.790564
716 6642007.192741 7400579.219486
717 6642007.192741 7153689.263538
718 6642007.192741 7084915.273561
719 6642007.192741 6901601.984021
720 6642007.192741 6888479.517649
721 6642007.192741 6767028.320920
722 6642007.192741 6716261.805634
723 6642007.192741 6794957.994937
724 6642007.192741 6808578.813925
725 6642007.192741 6699462.087687
726 6642007.192741 6696988.904228
727 6642007.192741 6901607.242448
728 6642007.192741 7039956.829492
729 6642007.192741 6960500.362154
730 6642007.192741 6786122.140790
731 6642007.192741 6787578.507834
732 6642007.192741 6901934.972113
733 6642007.192741 6683055.685870
734 6642007.192741 6766978.971588
735 6642007.192741 6744698.238360
736 6642007.192741 6704959.900408
737 6642007.192741 6966820.871790
738 6642007.192741 6834301.549620
739 6642007.192741 6668963.048125
740 6642007.192741 6696495.272489
741 6642007.192741 6667753.715523
742 6642007.192741 6672735.700593
743 6642007.192741 6699755.584463
744 6642007.192741 6775428.769506
745 6642007.192741 6699234.395688
746 6642007.192741 6775315.314319
747 6642007.192741 6858424.208764
748 6642007.192741 7134778.668444
749 6642007.192741 7135525.606550
750 6642007.192741 7216269.926917
751 6642007.192741 7166880.836638
752 6642007.192741 6928815.997738
753 6642007.192741 6808422.361104
754 6642007.192741 6716593.383750
755 6642007.192741 6664002.811882
756 6642007.192741 6824553.948610
757 6642007.192741 6669595.883332
758 6642007.192741 6697398.720425
759 6642007.192741 7057817.392059
760 6642007.192741 6767590.491688
761 6642007.192741 7150390.079191
762 6642007.192741 7084704.093364
763 6642007.192741 6828389.781614
764 6642007.192741 6835683.027097
765 6642007.192741 6779406.013600
766 6642007.192741 6660308.973491
767 6642007.192741 7008371.562240
768 6642007.192741 6654849.129865
769 6642007.192741 6655920.516936
770 6642007.192741 6686632.153826
771 6642007.192741 6783339.735504
772 6642007.192741 6784245.985754
773 6642007.192741 6938537.854639
774 6642007.192741 7053128.653921
775 6642007.192741 6840998.956689
776 6642007.192741 6706193.554487
777 6642007.192741 6710204.463374
778 6642007.192741 6831117.561464
779 6642007.192741 6758199.662226
780 6642007.192741 6642244.022221
781 6642007.192741 6689600.423592
782 6642007.192741 6751958.151184
783 6642007.192741 6685255.326902
784 6642007.192741 6663614.132027
785 6642007.192741 6657513.855732
786 6642007.192741 6846415.330538
787 6642007.192741 6662858.470047
788 6642007.192741 6864227.460117
789 6642007.192741 6743728.987885
790 6642007.192741 6892169.826299
791 6642007.192741 6719227.462690
792 6642007.192741 6798315.552018
793 6642007.192741 6688825.136304
794 6642007.192741 6683143.083504
795 6642007.192741 6923130.039376
796 6642007.192741 6826487.587585
797 6642007.192741 6909239.991627
798 6642007.192741 6725361.608089
799 6642007.192741 6751452.299384
800 6642007.192741 6864376.801512
801 6642007.192741 6770894.823044
802 6642007.192741 6685496.796244
803 6642007.192741 6867481.543932
804 6642007.192741 6884405.786068
805 6642007.192741 6963555.395305
806 6642007.192741 7059141.927358
807 6642007.192741 6843509.030222
808 6642007.192741 7012044.417377
809 6642007.192741 6877810.319817
810 6642007.192741 6848224.653994
811 6642007.192741 7164547.740100
812 6642007.192741 6758698.282474
813 6642007.192741 7318622.331469
814 6642007.192741 7024507.472633
815 6642007.192741 6858059.127861
816 6642007.192741 6738189.515504
817 6642007.192741 6648890.244440
818 6642007.192741 6785459.050194
819 6642007.192741 6704376.545206
820 6642007.192741 6741499.032703
821 6642007.192741 6658826.323958
822 6642007.192741 6827391.488181
823 6642007.192741 6724437.172593
824 6642007.192741 6892761.005540
825 6642007.192741 6777796.899753
826 6642007.192741 6799354.786486
827 6642007.192741 6733433.092122
828 6642007.192741 6751001.623386
829 6642007.192741 6799170.892347
830 6642007.192741 6776431.873271
831 6642007.192741 6713135.600387
832 6642007.192741 6721971.397900
833 6642007.192741 6781303.493026
834 6642007.192741 6811436.801138
835 6642007.192741 6866499.542861
836 6642007.192741 6983898.173597
837 6642007.192741 6889216.746536
838 6642007.192741 6729446.296963
839 6642007.192741 7227690.013828
840 6642007.192741 6694024.717738
841 6642007.192741 6947721.186831
842 6642007.192741 6665680.620138
843 6642007.192741 6797693.686935
844 6642007.192741 6814445.627499
845 6642007.192741 6902848.678415
846 6642007.192741 6990311.403715
847 6642007.192741 7007138.307998
848 6642007.192741 6841195.617984
849 6642007.192741 6993763.091354
850 6642007.192741 6738933.689798
851 6642007.192741 6776119.198437
852 6642007.192741 6783781.270684
853 6642007.192741 7178779.520145
854 6642007.192741 6828255.180102
855 6642007.192741 6821572.438429
856 6642007.192741 7263368.440538
857 6642007.192741 7045390.233260
858 6642007.192741 6647103.634384
859 6642007.192741 6666129.017819
860 6642007.192741 7199295.265268
861 6642007.192741 6954994.672387
862 6642007.192741 6715458.391910
863 6642007.192741 6732664.923532
864 6642007.192741 6714940.596757
865 6642007.192741 7052378.804187
866 6642007.192741 6937245.554136
867 6642007.192741 7002965.768541
868 6642007.192741 7035294.013782
869 6642007.192741 7131372.480115
870 6642007.192741 7460985.311168
871 6642007.192741 7161095.864504
872 6642007.192741 7167433.238710
873 6642007.192741 7350815.547497
874 6642007.192741 7003119.623052
875 6642007.192741 7128999.002422
876 6642007.192741 6929817.170780
877 6642007.192741 6969773.951428
878 6642007.192741 7038580.458327
879 6642007.192741 7047041.432497
880 6642007.192741 6760769.297243
881 6642007.192741 6938081.079906
882 6642007.192741 6925621.752239
883 6642007.192741 7134333.580888
884 6642007.192741 7131341.614219
885 6642007.192741 6969857.234479
886 6642007.192741 6814417.101261
887 6642007.192741 6995884.057586
888 6642007.192741 6835647.889843
889 6642007.192741 6832553.874514
890 6642007.192741 6760424.863511
891 6642007.192741 7124121.692090
892 6642007.192741 7001289.124281
893 6642007.192741 6931384.097709
894 6642007.192741 6919998.483083
895 6642007.192741 7110304.642386
896 6642007.192741 6927850.262875
897 6642007.192741 6825223.036357
898 6642007.192741 7132844.961301
899 6642007.192741 6918995.524885
900 6642007.192741 6972194.709315
901 6642007.192741 7086786.576410
902 6642007.192741 7082257.320614
903 6642007.192741 7037288.520374
904 6642007.192741 6830970.390527
905 6642007.192741 6816848.390646
906 6642007.192741 7068445.938687
907 6642007.192741 7165031.380370
908 6642007.192741 7073223.250565
909 6642007.192741 7259469.473007
910 6642007.192741 6789707.135070
911 6642007.192741 7082055.651491
912 6642007.192741 6882313.107804
913 6642007.192741 7117975.000855
914 6642007.192741 7081633.676176
915 6642007.192741 6922638.817513
916 6642007.192741 6889540.660649
917 6642007.192741 6736450.972800
918 6642007.192741 6782525.866820
919 6642007.192741 6886784.008189
920 6642007.192741 6998186.548184
921 6642007.192741 6956547.402119
922 6642007.192741 6862314.354719
923 6642007.192741 6706945.411007
924 6642007.192741 6648716.335944
925 6642007.192741 6648716.335944
926 6642007.192741 6743444.339801
927 6642007.192741 6762666.570035
928 6642007.192741 6849075.480448
929 6642007.192741 7323405.972378
930 6642007.192741 6998659.515247
931 6642007.192741 6692918.969145
932 6642007.192741 6705166.740046
933 6642007.192741 7046426.142464
934 6642007.192741 7118844.113236
935 6642007.192741 6712306.465285
936 6642007.192741 6737582.436996
937 6642007.192741 6680153.699673
938 6642007.192741 6668463.214157
939 6642007.192741 6674906.753297
940 6642007.192741 6926238.357705
941 6642007.192741 7002963.192630
942 6642007.192741 6840052.693787
943 6642007.192741 6708804.174496
944 6642007.192741 6685941.004640
945 6642007.192741 6730304.547676
946 6642007.192741 6946449.072539
947 6642007.192741 6870298.311598
948 6642007.192741 6785918.331456
949 6642007.192741 6882924.437094
950 6642007.192741 6997388.486861
951 6642007.192741 7187710.485604
952 6642007.192741 6945005.759545
953 6642007.192741 7320429.825875
954 6642007.192741 7013515.815569
955 6642007.192741 6685822.570720
956 6642007.192741 6702717.970328
957 6642007.192741 6787604.814773
958 6642007.192741 6782284.690170
959 6642007.192741 6657014.613207
960 6642007.192741 6642419.539418
961 6642007.192741 6784945.272112
962 6642007.192741 6806022.652631
963 6642007.192741 7144571.291651
964 6642007.192741 6781258.947562
965 6642007.192741 6825912.701962
966 6642007.192741 6776220.502199
967 6642007.192741 6704929.525105
968 6642007.192741 6773535.238782
969 6642007.192741 6813494.797968
970 6642007.192741 6861648.331826
971 6642007.192741 6750298.577242
972 6642007.192741 6754173.836228
973 6642007.192741 6828330.301816
974 6642007.192741 6820555.184987
975 6642007.192741 6921707.280529
976 6642007.192741 6964923.687841
977 6642007.192741 6762470.557638
978 6642007.192741 6831488.085521
979 6642007.192741 7144158.861243
980 6642007.192741 6975578.572533
981 6642007.192741 6911840.884779
982 6642007.192741 6845682.979582
983 6642007.192741 6849894.527992
984 6642007.192741 6642007.192741
985 6642007.192741 6670569.754533
986 6642007.192741 6751476.389239
987 6642007.192741 6924210.010337
988 6642007.192741 7149179.340570
989 6642007.192741 6776171.128921
990 6642007.192741 6709733.046987
991 6642007.192741 6704945.932419
992 6642007.192741 6664562.068227
993 6642007.192741 6734267.344404
994 6642007.192741 6877593.606491
995 6642007.192741 6724476.023737
996 6642007.192741 6849287.902116
997 6642007.192741 6888302.795899
998 6642007.192741 6775903.174357
999 6642007.192741 6780190.072036
1000 6642007.192741 6669212.789889
1001 6642007.192741 6954578.611964
1002 6642007.192741 6917125.332192
1003 6642007.192741 6642671.663666
1004 6642007.192741 6719758.039324
1005 6642007.192741 6642007.192741
1006 6642007.192741 6642007.192741
1007 6642007.192741 6723304.553310
1008 6642007.192741 6731947.232341
1009 6642007.192741 6684467.220034
1010 6642007.192741 6967291.910395
1011 6642007.192741 6945024.831190
1012 6642007.192741 6890898.649668
1013 6642007.192741 6685767.096145
1014 6642007.192741 6774293.939786
1015 6642007.192741 6709997.266565
1016 6642007.192741 6849467.560865
1017 6642007.192741 7247265.379036
1018 6642007.192741 7104027.629167
1019 6642007.192741 6929902.738416
1020 6642007.192741 6717287.531438
1021 6642007.192741 7073398.534839
1022 6642007.192741 7115616.136900
1023 6642007.192741 7098519.015786
1024 6642007.192741 6852065.004993
1025 6642007.192741 7335571.560539
1026 6642007.192741 7058533.265011
1027 6642007.192741 7303898.700615
1028 6642007.192741 6852257.297055
1029 6642007.192741 6742049.803162
1030 6642007.192741 6730073.924915
1031 6642007.192741 6732064.551274
1032 6642007.192741 7033184.952873
1033 6642007.192741 6840583.923467
1034 6642007.192741 6678129.783302
1035 6642007.192741 6674374.201373
1036 6642007.192741 6740511.473375
1037 6642007.192741 6816828.646210
1038 6642007.192741 6894931.594323
1039 6642007.192741 6697586.505810
1040 6642007.192741 6886145.824662
1041 6642007.192741 6709281.565591
1042 6642007.192741 6682053.287557
1043 6642007.192741 6652505.864255
1044 6642007.192741 6643476.378597
1045 6642007.192741 7192383.037301
1046 6642007.192741 6678868.313603
1047 6642007.192741 6902993.853589
1048 6642007.192741 6737535.118315
1049 6642007.192741 6767421.283750
1050 6642007.192741 7164223.457025
1051 6642007.192741 7312902.155190
1052 6642007.192741 7422774.103030
1053 6642007.192741 7485540.027450
1054 6642007.192741 7335752.719281
1055 6642007.192741 7078521.850084
1056 6642007.192741 6816886.206385
1057 6642007.192741 6734915.984345
1058 6642007.192741 6939361.818001
1059 6642007.192741 6664241.568708
1060 6642007.192741 6723600.028966
1061 6642007.192741 6750589.775247
1062 6642007.192741 6780096.982532
1063 6642007.192741 6679791.457658
1064 6642007.192741 6741347.109167
1065 6642007.192741 6899343.985656
1066 6642007.192741 7265605.388035
1067 6642007.192741 7017268.471079
1068 6642007.192741 6707053.690537
1069 6642007.192741 6743395.810853
1070 6642007.192741 6719148.643934
1071 6642007.192741 6929809.533370
1072 6642007.192741 7008127.467730
1073 6642007.192741 6942349.941514
1074 6642007.192741 6934216.626894
1075 6642007.192741 7381534.558431
1076 6642007.192741 7087371.936352
1077 6642007.192741 6932557.256046
1078 6642007.192741 6834946.658364
1079 6642007.192741 6896985.604905
1080 6642007.192741 6794385.050323
1081 6642007.192741 6815026.310518
1082 6642007.192741 7167584.478586
1083 6642007.192741 6819136.857737
1084 6642007.192741 6793733.255053
1085 6642007.192741 6773354.395078
1086 6642007.192741 6797946.733886
1087 6642007.192741 6748605.497044
1088 6642007.192741 6750423.948989
1089 6642007.192741 6864478.870958
1090 6642007.192741 6748662.249732
1091 6642007.192741 6740581.867789
1092 6642007.192741 6810745.546304
1093 6642007.192741 6930660.886285
1094 6642007.192741 6934484.012267
1095 6642007.192741 6970676.014010
1096 6642007.192741 7343577.495224
1097 6642007.192741 7020505.143530
1098 6642007.192741 6981099.684882
1099 6642007.192741 6880631.888803
1100 6642007.192741 6684219.666816
1101 6642007.192741 7101128.999812
1102 6642007.192741 6785991.164800
1103 6642007.192741 6683576.469372
1104 6642007.192741 6841768.290244
1105 6642007.192741 6754345.121576
1106 6642007.192741 6846296.518891
1107 6642007.192741 6764170.177568
1108 6642007.192741 7044668.433129
1109 6642007.192741 6702261.776756
1110 6642007.192741 6724035.380825
1111 6642007.192741 6815929.229594
1112 6642007.192741 6694787.697095
1113 6642007.192741 7008907.647592
1114 6642007.192741 7028975.700386
1115 6642007.192741 6939135.810308
1116 6642007.192741 7014743.211672
1117 6642007.192741 7353097.795956
1118 6642007.192741 7048393.969915
1119 6642007.192741 7089695.665633
1120 6642007.192741 6842768.859345
1121 6642007.192741 6805086.818571
1122 6642007.192741 6976400.938593
1123 6642007.192741 6768944.362092
1124 6642007.192741 6910335.439699
1125 6642007.192741 6995476.132804
1126 6642007.192741 7194983.197713
1127 6642007.192741 6940903.904350
1128 6642007.192741 6982644.880680
1129 6642007.192741 6913998.055447
1130 6642007.192741 6946207.633629
1131 6642007.192741 6703165.641614
1132 6642007.192741 6880808.859702
1133 6642007.192741 7042034.677252
1134 6642007.192741 7161856.944006
1135 6642007.192741 7043505.070544
1136 6642007.192741 6888954.353085
1137 6642007.192741 6642528.364121
1138 6642007.192741 6702136.229482
1139 6642007.192741 6657301.822853
1140 6642007.192741 6748072.640293
1141 6642007.192741 6764769.130441
1142 6642007.192741 6684375.457080
1143 6642007.192741 6651137.703420
1144 6642007.192741 6642392.742542
1145 6642007.192741 6652843.185633
1146 6642007.192741 6662135.939652
1147 6642007.192741 6712564.754528
1148 6642007.192741 6686631.121463
1149 6642007.192741 6718541.498909
1150 6642007.192741 6922228.562896
1151 6642007.192741 6821687.128553
1152 6642007.192741 6829722.409931
1153 6642007.192741 6736043.172165
1154 6642007.192741 6898627.630153
1155 6642007.192741 6910111.811320
1156 6642007.192741 7021567.951650
1157 6642007.192741 6905961.570398
1158 6642007.192741 6752369.270960
1159 6642007.192741 6687723.971132
1160 6642007.192741 7175104.810591
1161 6642007.192741 7019238.684464
1162 6642007.192741 6825179.604686
1163 6642007.192741 6720765.258366
1164 6642007.192741 6807415.834566
1165 6642007.192741 6716058.538474
1166 6642007.192741 6740689.694027
1167 6642007.192741 6871555.152076
1168 6642007.192741 6845711.220364
1169 6642007.192741 6759331.824192
1170 6642007.192741 6819063.944338
1171 6642007.192741 6682514.058451
1172 6642007.192741 6671308.827374
1173 6642007.192741 6814929.605386
1174 6642007.192741 7135629.473223
1175 6642007.192741 7037598.867509
1176 6642007.192741 7128757.970805
1177 6642007.192741 6854292.872053
1178 6642007.192741 6802432.264431
1179 6642007.192741 6757386.313315
1180 6642007.192741 6831282.337926
1181 6642007.192741 7125322.950429
1182 6642007.192741 7251600.366927
1183 6642007.192741 6979139.827072
1184 6642007.192741 7183310.827954
1185 6642007.192741 6843746.055897
1186 6642007.192741 6819660.027852
1187 6642007.192741 6887508.168161
1188 6642007.192741 6887584.870834
1189 6642007.192741 6929094.237144
1190 6642007.192741 7342160.515077
1191 6642007.192741 6837121.506957
1192 6642007.192741 7068767.622697
1193 6642007.192741 7373627.263790
1194 6642007.192741 7281456.777916
1195 6642007.192741 6870774.317894
1196 6642007.192741 6818303.505273
1197 6642007.192741 6929103.715294
1198 6642007.192741 6916234.317970
1199 6642007.192741 7061813.745104
1200 6642007.192741 7202503.931497
1201 6642007.192741 7057389.645429
1202 6642007.192741 7242053.183907
1203 6642007.192741 7390255.030522
1204 6584014.681964 6994362.419617
1205 6584014.681964 7249073.189389
1206 6584014.681964 7128918.036119
1207 6584014.681964 6770360.377406
1208 6584014.681964 6826883.255722
1209 6584014.681964 6751290.673473
1210 6584014.681964 6606870.264117
1211 6584014.681964 6632129.924453
1212 6584014.681964 6835438.218957
1213 6584014.681964 6755906.395715
1214 6584014.681964 6735822.554176
1215 6584014.681964 6879628.006684
1216 6584014.681964 6679558.598967
1217 6584014.681964 6688266.636326
1218 6584014.681964 6634175.370729
1219 6584014.681964 6663274.769922
1220 6584014.681964 6632983.059899
1221 6584014.681964 6794229.153860
1222 6584014.681964 6648558.781528
1223 6584014.681964 6714522.583124
1224 6584014.681964 6669592.700949
1225 6580485.060295 6781741.474918
1226 6580485.060295 6704279.946009
1227 6580485.060295 6640882.906380
1228 6580485.060295 6659335.906234
1229 6580485.060295 6778642.502457
1230 6580485.060295 6683578.100243
1231 6580485.060295 6714734.783794
1232 6580485.060295 7419908.865109
1233 6580485.060295 6728625.134250
1234 6580485.060295 6946248.809394
1235 6577539.476744 6831603.840970
1236 6577539.476744 6760509.031471
1237 6577539.476744 6620361.537483
1238 6577539.476744 7230561.521483
1239 6577539.476744 6743967.464555
1240 6577539.476744 6850050.701272
1241 6577539.476744 6951722.883615
1242 6577539.476744 6934283.667392
1243 6577539.476744 6687720.896683
1244 6577539.476744 6708626.905220
1245 6577539.476744 6831158.267800
1246 6577539.476744 6800999.027788
1247 6577539.476744 6731171.098646
1248 6577539.476744 6753930.621334
1249 6577539.476744 6670892.673606
1250 6577539.476744 6724978.619246
1251 6577539.476744 6910912.882073
1252 6577539.476744 6879778.602691
1253 6577539.476744 7029495.134965
1254 6577539.476744 6790504.215472
1255 6577539.476744 6615169.185384
1256 6577539.476744 6963922.278022
1257 6577539.476744 6621488.462932
1258 6577539.476744 6717711.496449
1259 6577539.476744 7046524.609369
1260 6577539.476744 6776303.766622
1261 6577539.476744 6594954.321269
1262 6577539.476744 6655203.244582
1263 6577539.476744 6876801.805064
1264 6577539.476744 6725665.573901
1265 6577539.476744 6738411.154551
1266 6577539.476744 6659437.328902
1267 6577539.476744 6621668.202014
1268 6577539.476744 6713128.613100
1269 6577539.476744 6706810.893954
1270 6577539.476744 6678735.999042
1271 6577539.476744 6671196.474502
1272 6577539.476744 6946905.454491
1273 6577539.476744 6579521.825097
1274 6577539.476744 6760086.232612
1275 6577539.476744 6699452.737726
1276 6577539.476744 6799301.497995
1277 6577539.476744 6800004.294166
1278 6577539.476744 6770258.410449
1279 6577539.476744 6706601.693512
1280 6577539.476744 6796461.770354
1281 6577539.476744 6742716.828470
1282 6577539.476744 6788786.422649
1283 6577539.476744 6586324.610447
1284 6577539.476744 6768234.231010
1285 6577539.476744 6756061.508557
1286 6577539.476744 6764846.562491
1287 6577539.476744 6817153.314940
1288 6577539.476744 6817592.178849
1289 6577539.476744 6930899.681409
1290 6577539.476744 7067780.707420
1291 6577539.476744 6691307.360260
1292 6577539.476744 7085482.257811
1293 6577539.476744 6680546.644119
1294 6577539.476744 6639116.878954
1295 6577539.476744 6640721.545874
1296 6577539.476744 6715422.608696
1297 6577539.476744 6672872.868970
1298 6577539.476744 6726699.853798
1299 6577539.476744 6640070.687726
1300 6577539.476744 6716910.363521
1301 6577539.476744 6645577.606711
1302 6577539.476744 6630247.310441
1303 6577539.476744 6960629.255513
1304 6577539.476744 6962702.832629
1305 6577539.476744 6981379.773088
1306 6577539.476744 7018615.294365
1307 6577539.476744 6910784.639799
1308 6577539.476744 6632184.345700
1309 6577539.476744 6696992.716676
1310 6577539.476744 6655025.186116
1311 6577539.476744 6646103.991253
1312 6577539.476744 6822668.442354
1313 6577539.476744 6642714.693742
1314 6577539.476744 6635350.841496
1315 6577539.476744 6632923.268498
1316 6577539.476744 6624042.540232
1317 6577539.476744 6628794.637908
1318 6577539.476744 6693369.257960
1319 6577539.476744 6577640.168059
1320 6577539.476744 6922722.427373
1321 6577539.476744 7013598.514478
1322 6577539.476744 6726920.013253
1323 6577539.476744 6623933.576580
1324 6577539.476744 6869509.521621
1325 6577539.476744 6763245.284967
1326 6577539.476744 6719571.599728
1327 6577539.476744 7383425.584163
1328 6577539.476744 6582113.298061
1329 6577539.476744 6674940.306473
1330 6577539.476744 6640012.979645
1331 6577539.476744 6719413.377312
1332 6577539.476744 6689466.583105
1333 6577539.476744 6580432.164067
1334 6577539.476744 6755249.680268
1335 6577539.476744 6579916.885991
1336 6577539.476744 6624003.237530
1337 6577539.476744 6728541.252594
1338 6577539.476744 6782425.510293
1339 6577539.476744 7076419.558126
1340 6577539.476744 7026138.563960
1341 6577539.476744 6726956.288082
1342 6577539.476744 6744895.983214
1343 6577539.476744 6999451.063792
1344 6577539.476744 6942958.197821
1345 6577539.476744 6940931.635707
1346 6577539.476744 7093176.284827
1347 6577539.476744 6944779.159750
1348 6577539.476744 7117715.965778
1349 6577539.476744 7114561.733622
1350 6577539.476744 6869134.089810
1351 6577539.476744 6891171.206892
1352 6577539.476744 6781733.316555
1353 6577539.476744 6696663.459759
1354 6577539.476744 6880251.570366
1355 6577539.476744 6861825.397092
1356 6577539.476744 6766927.321687
1357 6577539.476744 6672233.399215
1358 6577539.476744 6950915.047533
1359 6577539.476744 7094541.505735
1360 6577539.476744 6946572.199160
1361 6577539.476744 6948026.731089
1362 6577539.476744 6977427.037230
1363 6577539.476744 7066486.870792
1364 6577539.476744 6939467.062099
1365 6577539.476744 6930338.298877
1366 6577539.476744 6755020.813170
1367 6577539.476744 6756715.744123
1368 6577539.476744 6738331.262697
1369 6577539.476744 6800660.283073
1370 6577539.476744 7184823.094775
1371 6577539.476744 7245890.367929
1372 6577539.476744 7436725.471763
1373 6577539.476744 7129821.351506
1374 6577539.476744 7345231.432893
1375 6577539.476744 7323059.544038
1376 6577539.476744 6903685.336837
1377 6577539.476744 6872105.728355
1378 6577539.476744 6841722.457819
1379 6577539.476744 7048480.957067
1380 6577539.476744 6790098.784556
1381 6577539.476744 6750759.346285
1382 6577539.476744 6782417.619802
1383 6577539.476744 6659109.923402
1384 6577539.476744 6927988.775008
1385 6577539.476744 6672274.518055
1386 6577539.476744 6624458.702492
1387 6577539.476744 6701661.004997
1388 6577539.476744 6596993.911630
1389 6577539.476744 6713869.276716
1390 6577539.476744 6609524.823933
1391 6577539.476744 6630159.666545
1392 6577539.476744 6650386.138712
1393 6577539.476744 6711010.866479
1394 6577539.476744 6738267.277329
1395 6577539.476744 6676747.222907
1396 6577539.476744 6654342.451458
1397 6577539.476744 6782755.089504
1398 6577539.476744 6840563.352283
1399 6577539.476744 6701115.694070
1400 6577539.476744 6637305.497415
1401 6577539.476744 6672473.938672
1402 6577539.476744 7086756.654477
1403 6577539.476744 6590335.802160
1404 6577539.476744 6604619.984835
1405 6577539.476744 6970889.513297
1406 6577539.476744 6577718.211706
1407 6577539.476744 6611317.128321
1408 6577539.476744 6696123.110325
1409 6577539.476744 6650312.982003
1410 6577539.476744 6748914.435490
1411 6577539.476744 7041729.859306
1412 6577539.476744 6620339.739306
1413 6577539.476744 6605167.778003
1414 6577539.476744 6707435.671927
1415 6577539.476744 6624807.882791
1416 6577539.476744 6996487.720207
1417 6577539.476744 7159868.400504
1418 6577539.476744 7413853.829808
1419 6577539.476744 6981419.872697
1420 6577539.476744 6747910.492859
1421 6577539.476744 6816499.580699
1422 6577539.476744 6723078.632280
1423 6577539.476744 6670086.083680
1424 6577539.476744 6677441.440495
1425 6577539.476744 6709019.983523
1426 6577539.476744 6819895.030436
1427 6577539.476744 6855549.468012
1428 6577539.476744 6735226.740596
1429 6577539.476744 6738398.000382
1430 6577539.476744 6580284.845418
1431 6577539.476744 6588644.770119
1432 6577539.476744 6761550.494542
1433 6577539.476744 6777853.929270
1434 6577539.476744 7015437.225507
1435 6577539.476744 6740274.259337
1436 6577539.476744 6902959.189044
1437 6577539.476744 6769868.693264
1438 6577539.476744 6931707.764254
1439 6577539.476744 6794984.014629
1440 6577539.476744 6820311.107867
1441 6577539.476744 6933148.389047
1442 6577539.476744 7254076.690873
1443 6577539.476744 7105825.573992
1444 6577539.476744 7001049.061098
1445 6577539.476744 6678292.929984
1446 6577539.476744 6585267.602572
1447 6577539.476744 6583631.761928
1448 6577539.476744 6577804.409977
1449 6577539.476744 6619800.797855
1450 6577539.476744 6728510.039113
1451 6577539.476744 6859197.633659
1452 6577539.476744 6621909.725629
1453 6577539.476744 6580898.323718
1454 6577539.476744 6738215.305419
1455 6577539.476744 6640200.715091
1456 6577539.476744 6955694.965487
1457 6577539.476744 6648984.940611
1458 6577539.476744 6773797.763801
1459 6577539.476744 6829129.818230
1460 6577539.476744 6993389.024541
1461 6577539.476744 6602563.094883
1462 6577539.476744 6619030.212192
1463 6577539.476744 6804475.196128
1464 6577539.476744 6655858.184041
1465 6577539.476744 6745839.843451
1466 6577539.476744 6676654.709146
1467 6577539.476744 6984548.152950
1468 6577539.476744 6706867.497110
1469 6577539.476744 6930697.383898
1470 6577539.476744 6884611.157084
1471 6577539.476744 6843123.577080
1472 6577539.476744 6830050.780734
1473 6577539.476744 6872378.768603
1474 6577539.476744 7123701.405831
1475 6577539.476744 7116155.609127
1476 6577539.476744 6818896.268338
1477 6577539.476744 6711672.122007
1478 6577539.476744 6635952.580911
1479 6577539.476744 6843057.944597
1480 6577539.476744 6796721.827844
1481 6577539.476744 6908374.047781
1482 6577539.476744 6869362.384689
1483 6577539.476744 6883223.444860
1484 6577539.476744 6759487.731312
1485 6577539.476744 6686332.610020
1486 6577539.476744 6977550.181749
1487 6577539.476744 7085762.880679
1488 6577539.476744 7114950.916775
1489 6577539.476744 7230596.611520
1490 6577539.476744 7811030.368886
1491 6577539.476744 6929913.052595
1492 6577539.476744 6721377.961245
1493 6577539.476744 6843014.033437
1494 6577539.476744 6983762.702894
1495 6577539.476744 6869328.167597
1496 6577539.476744 7163506.059931
1497 6577539.476744 6991883.669148
1498 6577539.476744 7069527.923861
1499 6577539.476744 7180038.783713
1500 6577539.476744 7019183.400336
1501 6577539.476744 7175189.955326
1502 6577539.476744 6737744.570823
1503 6577539.476744 6684548.442430
1504 6577539.476744 6603793.811491
1505 6577539.476744 6714471.411381
1506 6577539.476744 6892725.254282
1507 6577539.476744 6649776.838451
1508 6577539.476744 6644092.802031
1509 6577539.476744 6823759.792981
1510 6577539.476744 6773892.381356
1511 6577539.476744 6942202.986500
1512 6577539.476744 6728867.665173
1513 6577539.476744 6931825.162145
1514 6577539.476744 6939145.605610
1515 6577539.476744 7097120.337808
1516 6577539.476744 6658835.620612
1517 6577539.476744 6655316.263780
1518 6577539.476744 6602698.317848
1519 6577539.476744 6624370.734039
1520 6577539.476744 6636773.791163
1521 6577539.476744 6596184.912088
1522 6577539.476744 6760442.432435
1523 6577539.476744 6733622.826639
1524 6577539.476744 6830276.520440
1525 6577539.476744 6652941.919273
1526 6577539.476744 7055086.098679
1527 6577539.476744 7012333.525688
1528 6577539.476744 6662910.238294
1529 6577539.476744 6684766.891911
1530 6577539.476744 6666545.771906
1531 6577539.476744 6739765.806195
1532 6577539.476744 6658194.368053
1533 6577539.476744 6826819.581700
1534 6577539.476744 7013139.381585
1535 6577539.476744 6990531.534219
1536 6577539.476744 6675371.201722
1537 6577539.476744 6578820.608878
1538 6577539.476744 6599658.325983
1539 6577539.476744 6699138.644275
1540 6577539.476744 6783063.513461
1541 6577539.476744 6712084.830750
1542 6577539.476744 6601016.966520
1543 6577539.476744 7021252.286934
1544 6577539.476744 6613209.368305
1545 6577539.476744 6969400.071537
1546 6577539.476744 7005548.476690
1547 6577539.476744 7154949.923595
1548 6577539.476744 7341188.577251
1549 6577539.476744 7188497.080037
1550 6577539.476744 6975660.221804
1551 6577539.476744 7071733.483080
1552 6577539.476744 7226547.499752
1553 6577539.476744 6995462.021249
1554 6577539.476744 6670864.035111
1555 6577539.476744 6793857.310558
1556 6577539.476744 6749470.518345
1557 6577539.476744 6621799.879859
1558 6577539.476744 6804039.664924
1559 6577539.476744 6869146.304266
1560 6577539.476744 6719783.806233
1561 6577539.476744 6838475.460746
1562 6577539.476744 6741423.366867
1563 6577539.476744 6967909.545708
1564 6577539.476744 6905230.321990
1565 6577539.476744 6579101.086324
1566 6577539.476744 6702364.687687
1567 6577539.476744 6821214.191526
1568 6577539.476744 6821953.047980
1569 6577539.476744 6821286.348679
1570 6577539.476744 6578990.663502
1571 6577539.476744 6620339.739306
1572 6577539.476744 6642325.039648
1573 6577539.476744 6668722.406785
1574 6577539.476744 6622794.109181
1575 6577539.476744 6738677.475704
1576 6577539.476744 6619502.131791
1577 6577539.476744 6829063.471927
1578 6577539.476744 6850587.183609
1579 6577539.476744 6750682.735835
1580 6577539.476744 6619139.456311
1581 6577539.476744 6674319.013222
1582 6577539.476744 6692894.463220
1583 6577539.476744 6651129.307483
1584 6577539.476744 6629422.003109
1585 6577539.476744 6685819.869904
1586 6577539.476744 6652621.290902
1587 6577539.476744 6652125.885319
1588 6577539.476744 6667706.810910
1589 6577539.476744 6585684.602676
1590 6577539.476744 6608893.152379
1591 6577539.476744 7004234.040255
1592 6577539.476744 6687450.638304
1593 6577539.476744 6865932.572823
1594 6577539.476744 7175743.168588
1595 6577539.476744 6947410.365411
1596 6577539.476744 6903944.980948
1597 6577539.476744 6628523.605002
1598 6577539.476744 6732402.747815
1599 6577539.476744 6660104.927525
1600 6577539.476744 6825917.101761
1601 6577539.476744 6790341.440515
1602 6577539.476744 6809163.124797
1603 6577539.476744 6709612.837193
1604 6577539.476744 6623327.290399
1605 6577539.476744 6583372.819779
1606 6577539.476744 6816321.882426
1607 6577539.476744 6730168.564264
1608 6577539.476744 6901732.873715
1609 6577539.476744 6780997.986664
1610 6577539.476744 6611371.441206
1611 6577539.476744 6640857.117552
1612 6577539.476744 6735450.842024
1613 6577539.476744 7114510.268105
1614 6577539.476744 6603881.633887
1615 6577539.476744 6709540.888208
1616 6577539.476744 6624095.973247
1617 6577539.476744 6721677.132976
1618 6577539.476744 6980711.413338
1619 6577539.476744 6827085.764086
1620 6577539.476744 7092909.430787
1621 6577539.476744 7103422.548819
1622 6577539.476744 6764070.015512
1623 6577539.476744 6985016.037105
1624 6577539.476744 6958775.319378
1625 6577539.476744 6899253.556650
1626 6577539.476744 6733596.029763
1627 6577539.476744 6918312.915106
1628 6577539.476744 6706654.825072
1629 6577539.476744 6734040.250023
1630 6577539.476744 6593581.708384
1631 6577539.476744 6637075.738704
1632 6577539.476744 6734356.194074
1633 6577539.476744 7229156.306393
1634 6577539.476744 7221702.057162
1635 6577539.476744 6827035.952636
1636 6577539.476744 6795863.702393
1637 6577539.476744 6943068.551977
1638 6577539.476744 6625125.705459
1639 6577539.476744 6619453.387470
1640 6577539.476744 6598898.501988
1641 6577539.476744 6598693.753010
1642 6577539.476744 6593386.863700
1643 6577539.476744 6678287.405816
1644 6577539.476744 6764324.489785
1645 6577539.476744 6661976.128218
1646 6577539.476744 6951457.696653
1647 6577539.476744 6728867.631261
1648 6577539.476744 6811700.652337
1649 6577539.476744 6609894.919828
1650 6577539.476744 6725007.962578
1651 6577539.476744 6804497.154031
1652 6577539.476744 6730488.562887
1653 6577539.476744 6651239.439834
1654 6577539.476744 6707345.680841
1655 6577539.476744 6802254.796856
1656 6577539.476744 6690314.212269
1657 6577539.476744 6840353.357388
1658 6577539.476744 6802470.564319
1659 6577539.476744 6678215.276213
1660 6577539.476744 6683665.413340
1661 6577539.476744 6829976.626250
1662 6577539.476744 6685412.047810
1663 6577539.476744 6832783.359591
1664 6577539.476744 6879288.276729
1665 6577539.476744 6719029.983694
1666 6577539.476744 6675241.870137
1667 6577539.476744 6695701.552730
1668 6577539.476744 6667362.126314
1669 6566295.514970 6773696.892857
1670 6566295.514970 6765116.212580
1671 6566295.514970 6868167.471051
1672 6566295.514970 6629356.047363
1673 6566295.514970 6780682.051059
1674 6566295.514970 6856519.671954
1675 6566295.514970 6753855.780034
1676 6566295.514970 7346282.793225
1677 6566295.514970 6664985.606936
1678 6566295.514970 6661248.602761
1679 6566295.514970 6581953.075225
1680 6566295.514970 6590232.992314
1681 6566295.514970 6598636.803983
1682 6566295.514970 6848954.861672
1683 6566295.514970 6907962.746301
1684 6566295.514970 6672253.869247
1685 6566295.514970 6578004.633816
1686 6566295.514970 6626434.692381
1687 6566295.514970 6828395.175882
1688 6566295.514970 6686111.134693
1689 6566295.514970 6965456.691743
1690 6566295.514970 6842530.417028
1691 6566295.514970 7175665.487424
1692 6566295.514970 6722499.154793
1693 6566295.514970 6582676.950050
1694 6566295.514970 6796778.953300
1695 6566295.514970 6879643.406876
1696 6566295.514970 7236909.169330
1697 6566295.514970 7250990.780578
1698 6566295.514970 7495009.317985
1699 6566295.514970 7093639.853855
1700 6566295.514970 6933297.590771
1701 6566295.514970 6821656.262827
1702 6566295.514970 6850292.505798
1703 6566295.514970 6954542.283803
1704 6566295.514970 6765575.091593
1705 6566295.514970 6610208.667178
1706 6566295.514970 6614140.949284
1707 6566295.514970 6739866.117135
1708 6566295.514970 7019981.578489
1709 6566295.514970 7010198.179185
1710 6566295.514970 6856109.081755
1711 6566295.514970 6591878.668285
1712 6566295.514970 6568056.729589
1713 6566295.514970 6568400.426288
1714 6566295.514970 6931404.525886
1715 6566295.514970 6652323.333935
1716 6566295.514970 6692064.014350
1717 6566295.514970 6700402.544916
1718 6566295.514970 6706093.758715
1719 6566295.514970 7063062.609124
1720 6566295.514970 7137976.022981
1721 6566295.514970 7166156.781961
1722 6566295.514970 6846911.120396
1723 6566295.514970 6833078.876447
1724 6566295.514970 6742013.199026
1725 6566295.514970 6851306.445165
1726 6566295.514970 6787431.689149
1727 6566295.514970 6566567.609584
1728 6566295.514970 6686534.192979
1729 6566295.514970 6587851.709190
1730 6566295.514970 6575901.550436
1731 6566295.514970 6817436.818362
1732 6566295.514970 6847342.942990
1733 6566295.514970 6799756.377681
1734 6566295.514970 6617428.976327
1735 6566295.514970 6714120.608688
1736 6566295.514970 7090538.251258
1737 6566295.514970 6877530.263132
1738 6566295.514970 7012719.557253
1739 6566295.514970 6680826.081174
1740 6566295.514970 6745002.029994
1741 6566295.514970 6623623.927836
1742 6566295.514970 6619028.207677
1743 6566295.514970 6605888.602636
1744 6566295.514970 6785089.901208
1745 6566295.514970 6839433.407398
1746 6566295.514970 6770608.967825
1747 6566295.514970 7031064.384983
1748 6566295.514970 7209669.725989
1749 6566295.514970 7150864.957962
1750 6566295.514970 7279156.759841
1751 6566295.514970 7049948.952747
1752 6566295.514970 6840616.562054
1753 6566295.514970 6876048.216361
1754 6566295.514970 6784833.999602
1755 6566295.514970 6905263.138565
1756 6566295.514970 7056436.300535
1757 6566295.514970 6940977.342507
1758 6566295.514970 6750963.988272
1759 6566295.514970 6798421.544030
1760 6566295.514970 6660961.948286
1761 6566295.514970 6741965.268743
1762 6566295.514970 6615655.467273
1763 6566295.514970 6774683.626085
1764 6566295.514970 7160595.822359
1765 6566295.514970 6797211.882759
1766 6566295.514970 6687590.711400
1767 6566295.514970 6614596.857671
1768 6566295.514970 6633426.051977
1769 6566295.514970 7020352.592297
1770 6566295.514970 6837216.086019
1771 6566295.514970 6831494.410140
1772 6566295.514970 6845909.287618
1773 6566295.514970 6793365.071197
1774 6566295.514970 6684572.549101
1775 6566295.514970 7257307.868469
1776 6566295.514970 6634165.539819
1777 6566295.514970 6763031.775709
1778 6566295.514970 6779970.508805
1779 6566295.514970 6715470.827317
1780 6566295.514970 6815714.863951
1781 6566295.514970 6630440.369928
1782 6566295.514970 6596764.673422
1783 6566295.514970 6646270.640262
1784 6566295.514970 6763604.282903
1785 6566295.514970 6738371.171608
1786 6566295.514970 6753535.161106
1787 6566295.514970 6923823.549868
1788 6566295.514970 6633547.587929
1789 6566295.514970 6633358.831590
1790 6566295.514970 6728850.602565
1791 6566295.514970 6890246.132931
1792 6566295.514970 7451442.938977
1793 6566295.514970 7015783.048310
1794 6566295.514970 6815435.362846
1795 6566295.514970 6672635.594933
1796 6566295.514970 6803842.550529
1797 6566295.514970 6963796.951251
1798 6566295.514970 6597172.479015
1799 6566295.514970 6616353.610674
1800 6566295.514970 7064168.642273
1801 6566295.514970 6918904.591554
1802 6566295.514970 6710721.548092
1803 6566295.514970 6882266.980091
1804 6566295.514970 6617099.270190
1805 6566295.514970 7003452.742527
1806 6566295.514970 6720014.538879
1807 6566295.514970 6983260.635782
1808 6566295.514970 7155764.613582
1809 6566295.514970 7350842.507322
1810 6566295.514970 6749047.053093
1811 6566295.514970 6650279.181307
1812 6566295.514970 6714713.111365
1813 6566295.514970 6612574.611701
1814 6566295.514970 6635526.104842
1815 6566295.514970 6602392.631303
1816 6566295.514970 6913363.596495
1817 6566295.514970 6573214.248063
1818 6566295.514970 6961091.100851
1819 6566295.514970 6639813.019602
1820 6566295.514970 6729953.979277
1821 6566295.514970 7345594.587089
1822 6566295.514970 7094392.601692
1823 6566295.514970 7136935.729439
1824 6566295.514970 6834996.122817
1825 6566295.514970 6856733.099696
1826 6566295.514970 6755425.583093
1827 6566295.514970 6751082.738200
1828 6566295.514970 7435009.714924
1829 6566295.514970 6905645.277513
1830 6566295.514970 6852494.517598
1831 6566295.514970 6955449.513403
1832 6566295.514970 6951771.508152
1833 6566295.514970 6937807.815514
1834 6566295.514970 6753554.502289
1835 6566295.514970 7098796.389014
1836 6566295.514970 6889777.667245
1837 6566295.514970 7245815.476275
1838 6566295.514970 6730321.534801
1839 6566295.514970 6658676.691132
1840 6566295.514970 6971173.503417
1841 6566295.514970 7236263.287492
1842 6566295.514970 6687403.501472
1843 6566295.514970 6582328.483750
1844 6566295.514970 6827170.747830
1845 6566295.514970 6983693.278427
1846 6566295.514970 6567850.126267
1847 6566295.514970 6614181.618793
1848 6566295.514970 6615405.496148
1849 6566295.514970 6692306.820187
1850 6566295.514970 6767324.542216
1851 6566295.514970 6803462.350467
1852 6566295.514970 6872731.768573
1853 6566295.514970 6918876.917559
1854 6566295.514970 6902559.285383
1855 6566295.514970 6865989.849910
1856 6566295.514970 6841552.808302
1857 6566295.514970 6866162.645049
1858 6566295.514970 6682287.868587
1859 6566295.514970 6741059.483906
1860 6566295.514970 6878780.830260
1861 6566295.514970 6752059.373339
1862 6566295.514970 6753425.346006
1863 6566295.514970 6700539.610029
1864 6566295.514970 6678562.403955
1865 6566295.514970 6635648.831062
1866 6566295.514970 7004767.923759
1867 6566295.514970 6625064.286681
1868 6566295.514970 6640059.816971
1869 6566295.514970 6748709.971264
1870 6566295.514970 6790821.083578
1871 6566295.514970 6813917.636060
1872 6566295.514970 6609520.044369
1873 6566295.514970 6627042.845131
1874 6566295.514970 6578350.378352
1875 6566295.514970 6594511.505256
1876 6566295.514970 6700840.640048
1877 6566295.514970 6567400.239479
1878 6566295.514970 6566295.514970
1879 6566295.514970 6566560.448204
1880 6566295.514970 6636181.381989
1881 6566295.514970 6916585.708935
1882 6566295.514970 6678230.949721
1883 6566295.514970 6744531.582482
1884 6566295.514970 6645527.858229
1885 6566295.514970 6632303.719960
1886 6566295.514970 6772518.611050
1887 6566295.514970 6647430.250313
1888 6566295.514970 6664942.721350
1889 6566295.514970 6661412.609468
1890 6566295.514970 6672057.257261
1891 6566295.514970 6708642.772568
1892 6566295.514970 6875640.764969
1893 6566295.514970 6832742.524454
1894 6566295.514970 6601119.607745
1895 6566295.514970 6614690.021892
1896 6566295.514970 7071957.267697
1897 6566295.514970 6745017.625543
1898 6566295.514970 6725834.730476
1899 6566295.514970 6688598.563471
1900 6566295.514970 6610531.291303
1901 6566295.514970 6697488.397701
1902 6566295.514970 6723014.028124
1903 6566295.514970 6758009.450515
1904 6566295.514970 6747964.318529
1905 6566295.514970 6800752.432344
1906 6566295.514970 6730812.701447
1907 6566295.514970 6665229.609186
1908 6566295.514970 6671402.950560
1909 6566295.514970 6616374.740562
1910 6566295.514970 6797827.335191
1911 6566295.514970 6781760.329143
1912 6566295.514970 6645597.849971
1913 6566295.514970 6678416.114771
1914 6566295.514970 6652405.743678
1915 6566295.514970 6929747.411276
1916 6566295.514970 7001628.076179
1917 6566295.514970 6603266.192753
1918 6566295.514970 6668298.636608
1919 6566295.514970 6846884.976428
1920 6566295.514970 6803655.944944
1921 6566295.514970 6941919.521714
1922 6566295.514970 7016117.250467
1923 6566295.514970 6932208.197273
1924 6566295.514970 6651735.677519
1925 6566295.514970 6619143.134366
1926 6566295.514970 6602457.205628
1927 6566295.514970 6624125.134121
1928 6566295.514970 6596991.688537
1929 6566295.514970 6815210.195480
1930 6566295.514970 6616306.891837
1931 6566295.514970 6621895.866539
1932 6566295.514970 6842383.232070
1933 6566295.514970 6693803.430297
1934 6566295.514970 6708436.754935
1935 6566295.514970 6721449.973110
1936 6566295.514970 6784436.287055
1937 6566295.514970 6790209.904482
1938 6566295.514970 7145892.410479
1939 6566295.514970 7046621.374420
1940 6566295.514970 6929036.777792
1941 6566295.514970 6768641.977225
1942 6566295.514970 6651463.517911
1943 6566295.514970 6705071.581679
1944 6566295.514970 6713089.758578
1945 6566295.514970 7294406.451566
1946 6566295.514970 7299164.163283
1947 6566295.514970 6779688.038594
1948 6566295.514970 6751021.441254
1949 6566295.514970 6824764.526881
1950 6566295.514970 6897083.802801
1951 6566295.514970 6683429.105773
1952 6566295.514970 6697197.419851
1953 6566295.514970 6617099.532457
1954 6566295.514970 6660658.116496
1955 6566295.514970 6776206.408784
1956 6566295.514970 7097321.790146
1957 6566295.514970 7342545.826539
1958 6566295.514970 7057374.774252
1959 6566295.514970 6719195.585419
1960 6566295.514970 6701830.240497
1961 6566295.514970 7178578.065610
1962 6566295.514970 6989180.921867
1963 6566295.514970 7105101.969083
1964 6566295.514970 7103680.058713
1965 6566295.514970 6884125.076620
1966 6566295.514970 6815022.395856
1967 6566295.514970 6868216.036943
1968 6566295.514970 6945274.734502
1969 6566295.514970 6919789.938331
1970 6566295.514970 6921832.701671
1971 6566295.514970 6934106.617068
1972 6566295.514970 6940823.470216
1973 6566295.514970 6885215.579468
1974 6566295.514970 6786943.583101
1975 6566295.514970 6771778.601552
1976 6566295.514970 6789276.817420
1977 6566295.514970 6711134.914173
1978 6566295.514970 7048897.661704
1979 6566295.514970 6885030.596379
1980 6566295.514970 6853694.165803
1981 6566295.514970 6822760.812488
1982 6566295.514970 6693613.212696
1983 6566295.514970 6681059.072439
1984 6566295.514970 6691706.519408
1985 6566295.514970 6731134.979426
1986 6566295.514970 6775680.283039
1987 6566295.514970 6917738.176943
1988 6566295.514970 6797500.999022
1989 6566295.514970 6815502.959760
1990 6566295.514970 6932659.858408
1991 6566295.514970 6842334.457499
1992 6566295.514970 7075462.240913
1993 6566295.514970 6738185.853098
1994 6566295.514970 6707343.865059
1995 6566295.514970 7086312.356232
1996 6566295.514970 7197766.306090
1997 6566295.514970 6995294.918867
1998 6566295.514970 6988162.158380
1999 6566295.514970 6970805.125169
