15635142.000000 22656278.733333
15635142.000000 20576475.800000
14787638.000000 19371577.800000
14381318.000000 19162446.066667
13784458.000000 18712114.666667
13784458.000000 17701062.933333
13784148.000000 16685891.000000
13703938.000000 15780463.933333
13488622.000000 16076585.333333
11984156.000000 15675058.866667
11656164.000000 16038622.333333
11656164.000000 14448036.133333
11656164.000000 15089651.200000
11656164.000000 14074989.200000
11656164.000000 13866556.533333
11656164.000000 13590263.533333
11402164.000000 13265666.733333
11402164.000000 12702506.066667
11402164.000000 12977937.800000
11402164.000000 11839278.000000
11402164.000000 12326859.400000
10972436.000000 12024306.800000
10972436.000000 12037129.800000
10972436.000000 12227682.066667
10972436.000000 12063401.533333
10972436.000000 12109755.266667
10972436.000000 11912741.800000
10972436.000000 11963406.066667
10972436.000000 12029475.400000
10972436.000000 11749221.733333
10966460.000000 11604587.466667
10966460.000000 11660673.600000
10254636.000000 11429810.200000
10254636.000000 11648223.000000
10254636.000000 11342126.600000
10254636.000000 11597467.333333
10086992.000000 11776849.933333
10086992.000000 11915991.666667
10092968.000000 12305346.733333
10092968.000000 11781302.600000
10092968.000000 12287710.533333
10092968.000000 12165256.933333
10092968.000000 11239784.866667
10092968.000000 11902059.400000
9596754.000000 13022673.066667
9596754.000000 12579497.866667
9596754.000000 12022655.466667
9466454.000000 10819203.400000
9466454.000000 11158482.133333
9466454.000000 11167964.466667
9466454.000000 10437130.400000
9466454.000000 10457309.133333
9466454.000000 10727010.933333
9466454.000000 10577828.733333
9466454.000000 10449619.200000
9466454.000000 10224543.466667
9466454.000000 10525594.800000
9466454.000000 9811472.800000
9462698.000000 9812240.000000
9392734.000000 10119914.000000
9392734.000000 9690710.800000
9392734.000000 9704503.866667
9392734.000000 9808178.466667
9392734.000000 10024590.466667
9392734.000000 9691226.266667
9392734.000000 9870686.533333
9392734.000000 10319727.466667
9385934.000000 10030693.200000
9385934.000000 9812234.000000
9385934.000000 10107343.200000
8876576.000000 10346667.666667
8876576.000000 9555910.666667
8876576.000000 10065268.533333
8876576.000000 10485495.666667
8876576.000000 11075195.800000
8152490.000000 10557992.200000
8152490.000000 9853206.000000
8152490.000000 10070229.200000
8152490.000000 10448461.066667
8152490.000000 10323924.400000
8152490.000000 9968339.266667
8152490.000000 9628434.933333
8152490.000000 9241494.400000
8152490.000000 9297659.933333
8134184.000000 8970275.600000
8009690.000000 8565916.466667
8009690.000000 8491383.600000
8009690.000000 8940334.133333
8009690.000000 9760983.266667
8009690.000000 9316429.266667
8009690.000000 9459727.200000
8009690.000000 9282933.266667
7609490.000000 8486977.533333
7609490.000000 8689915.000000
7609490.000000 8629352.733333
7609490.000000 8976086.200000
6877978.000000 8976518.400000
6877978.000000 8651542.200000
6877978.000000 8852498.066667
6877978.000000 8557776.400000
6877978.000000 8387714.400000
6877978.000000 9009077.800000
6877978.000000 9125996.133333
6877978.000000 9866714.733333
6877978.000000 10384551.733333
6877978.000000 10465117.333333
6857178.000000 9540188.266667
6857178.000000 10546125.333333
6857178.000000 9659982.333333
6857178.000000 8006642.133333
6857178.000000 7343585.600000
6856362.000000 7545547.000000
6849602.000000 7883060.200000
6856362.000000 7469324.600000
6856362.000000 7764082.466667
6856362.000000 7356890.066667
6840774.000000 7195122.333333
6840774.000000 6970214.400000
6840774.000000 7314561.333333
6840774.000000 7418922.133333
6830418.000000 7824148.800000
6830418.000000 8452373.933333
6830418.000000 8736204.266667
6833710.000000 8331311.733333
6833710.000000 8027933.933333
6833710.000000 8183730.533333
6833710.000000 7558049.533333
6833710.000000 7340660.000000
6833710.000000 7631907.600000
6833710.000000 7651283.133333
6833710.000000 7158450.666667
6833710.000000 7321517.666667
6833710.000000 7489327.733333
6833710.000000 7446745.533333
6832122.000000 7804064.866667
6832122.000000 7753959.533333
6832122.000000 7806601.666667
6832122.000000 7676155.266667
6833710.000000 7729504.600000
6833710.000000 7321481.133333
6786382.000000 7011909.400000
6786382.000000 7636947.800000
6786382.000000 7653053.200000
6786382.000000 7834811.533333
6786382.000000 7835750.400000
6786382.000000 7449214.266667
6786382.000000 7274640.000000
6786382.000000 7278268.600000
6701614.000000 7659204.533333
6701614.000000 7709789.066667
6701614.000000 7450288.066667
6701614.000000 7280144.466667
6701614.000000 7339235.200000
6701614.000000 7668794.533333
6571480.000000 7187564.200000
6571480.000000 7200281.200000
6571480.000000 7142586.400000
6571480.000000 7194390.000000
6571480.000000 7328464.666667
6571480.000000 7612608.200000
6571480.000000 7589248.666667
6571480.000000 7634175.933333
6571480.000000 7525345.866667
6571480.000000 7163784.800000
6571480.000000 7239402.133333
6571480.000000 7308042.800000
6571480.000000 7223952.933333
6571480.000000 7493695.400000
6571480.000000 7587094.000000
6571480.000000 7816598.066667
6571480.000000 7419618.000000
6571480.000000 7497012.266667
6571480.000000 7076134.933333
6569572.000000 6985817.800000
6569572.000000 6973607.933333
6569572.000000 7025024.600000
6569572.000000 6921585.733333
6569572.000000 7096635.600000
6569572.000000 6933468.133333
6569572.000000 7387391.466667
6569572.000000 7302986.000000
6569572.000000 8102496.400000
6569572.000000 8753694.600000
6569572.000000 8616301.266667
6569572.000000 7856801.466667
6569572.000000 7388482.800000
6569572.000000 7268668.200000
6569572.000000 7047100.200000
6506972.000000 6935241.200000
6506972.000000 6960856.400000
6548572.000000 7015492.933333
6548572.000000 7206175.333333
6548572.000000 7197013.866667
6548572.000000 6642683.133333
6548572.000000 6750580.533333
6548572.000000 7400233.800000
6548572.000000 7031220.666667
6548572.000000 7560364.866667
6543828.000000 7359087.533333
6543828.000000 7224889.733333
6543828.000000 6836743.666667
6543828.000000 6870714.333333
6543828.000000 7143190.466667
6543828.000000 7020878.533333
6543828.000000 7400113.933333
6535540.000000 8233088.133333
6535540.000000 7234120.066667
6535540.000000 7119021.466667
6535540.000000 7701156.666667
6543828.000000 7351139.600000
6543828.000000 7788551.666667
6488428.000000 7700117.866667
6488428.000000 7663857.533333
6488428.000000 7665060.466667
6488428.000000 7761025.600000
6488428.000000 7229437.133333
6488428.000000 7828335.066667
6488428.000000 7694435.800000
6488428.000000 7677681.066667
6488428.000000 7799745.466667
6488428.000000 7715003.066667
6488428.000000 7483068.333333
6488428.000000 7359057.666667
6488428.000000 7354498.400000
6488428.000000 7587605.000000
6488428.000000 7975857.266667
6488428.000000 8458022.000000
6488428.000000 7961474.666667
6488428.000000 7968549.200000
6461940.000000 7918924.533333
6461940.000000 8162285.533333
6484576.000000 8586300.800000
6484576.000000 8164033.466667
6484576.000000 7766290.200000
6484576.000000 7538278.800000
6484576.000000 7195104.600000
6481720.000000 7048618.000000
6481720.000000 7298083.600000
6481720.000000 7270960.066667
6481720.000000 7311731.466667
6481720.000000 7186434.133333
6481720.000000 7038237.933333
6481720.000000 7035824.733333
6481720.000000 7079759.733333
6481720.000000 7663806.000000
6481720.000000 7644102.400000
6484034.000000 7728221.266667
6484034.000000 7178537.533333
6484034.000000 7786045.866667
6484034.000000 7538629.666667
6484034.000000 7212624.933333
6484034.000000 7621485.333333
6484034.000000 7308662.266667
6484034.000000 7859320.333333
6484034.000000 7891474.200000
6484034.000000 7495380.733333
6476458.000000 7172047.933333
6476458.000000 6975413.000000
6476458.000000 7596146.400000
6476458.000000 7240641.533333
6476458.000000 7433715.133333
6476458.000000 7326441.400000
6476458.000000 7285896.200000
6476458.000000 7354635.000000
6476458.000000 7621297.266667
6476458.000000 8048622.666667
6476458.000000 7466215.933333
6468058.000000 7430525.666667
6476458.000000 7664344.866667
6476458.000000 7396462.800000
6476458.000000 6781493.600000
6476458.000000 6952904.600000
6474526.000000 6831618.800000
6474526.000000 7047952.133333
6474526.000000 7062577.400000
6474320.000000 7040964.866667
6474320.000000 7129975.733333
6474178.000000 7498129.600000
6474178.000000 7227892.400000
6474178.000000 7292751.466667
6474178.000000 6993833.200000
6473164.000000 7789183.800000
6473164.000000 7653406.733333
6473164.000000 7832819.266667
6473164.000000 7945407.733333
6473164.000000 8212849.466667
6473164.000000 7606454.933333
6473164.000000 7612951.333333
6473164.000000 7528690.400000
6426764.000000 7697164.733333
6426764.000000 7293877.400000
6426764.000000 6946239.266667
6426764.000000 7631814.666667
6426764.000000 7352301.266667
6426764.000000 7263337.533333
6399044.000000 7358456.666667
6399044.000000 6869100.133333
6399044.000000 7183641.666667
6399044.000000 7110818.133333
6399044.000000 7053788.466667
6399044.000000 7124977.866667
6399044.000000 7287417.666667
6399044.000000 6872741.400000
6399044.000000 7126643.533333
6399044.000000 7335392.933333
6399044.000000 7560948.533333
6399044.000000 7546390.866667
6397112.000000 7076810.933333
6397112.000000 7136507.533333
6397112.000000 7233449.933333
6397112.000000 7478896.333333
6397112.000000 7253759.800000
6383624.000000 7332453.600000
6383624.000000 7598322.000000
6383624.000000 8008850.866667
6383624.000000 7441525.866667
6383624.000000 7471876.733333
6383624.000000 7292522.066667
6383624.000000 7575563.733333
6383624.000000 7917150.400000
6383624.000000 7632106.000000
6383624.000000 7682092.600000
6383624.000000 7307840.400000
6396764.000000 7226276.333333
6396764.000000 7092529.933333
6396764.000000 6997278.533333
6396764.000000 6867910.533333
6396764.000000 6666285.000000
6396764.000000 6809521.466667
6396764.000000 6791648.133333
6396764.000000 7067209.200000
6396464.000000 7083027.133333
6394452.000000 6996887.933333
6394452.000000 6819488.000000
6394452.000000 7054979.266667
6394452.000000 7132525.866667
6394452.000000 7536545.533333
6384444.000000 7430677.200000
6384444.000000 6920595.933333
6384444.000000 7447701.600000
6384444.000000 7142039.866667
6384444.000000 7524141.200000
6384444.000000 8168599.266667
6384444.000000 7589509.666667
6384444.000000 7690593.400000
6384444.000000 7201468.600000
6384444.000000 7287361.133333
6384444.000000 6716699.466667
6384444.000000 7159970.800000
6384444.000000 6967407.733333
6384444.000000 7185923.266667
6384444.000000 8033589.066667
6384444.000000 8375789.266667
6384444.000000 7970242.266667
6384444.000000 8270413.266667
6384444.000000 7637383.600000
6384444.000000 7131748.533333
6384444.000000 7070550.400000
6341478.000000 6600760.666667
6341478.000000 6834273.466667
6341478.000000 7440417.733333
6341478.000000 6738340.600000
6341478.000000 7343238.933333
6341478.000000 7331807.800000
6341478.000000 7519944.200000
6341478.000000 7478505.533333
6341478.000000 7504819.666667
6341478.000000 7280056.200000
6341478.000000 6897691.200000
6341478.000000 7015164.066667
6341106.000000 7004596.866667
6341106.000000 6844185.000000
6337538.000000 7323941.000000
6337538.000000 6437955.466667
6337538.000000 6647137.933333
6337538.000000 7454369.066667
6337538.000000 7787617.400000
6207270.000000 8071622.866667
6207270.000000 7666903.800000
6207270.000000 7322794.333333
6207270.000000 7141090.466667
6207270.000000 6830809.400000
6203330.000000 6692786.533333
6203330.000000 6769023.066667
6203330.000000 6699456.133333
6198986.000000 6842335.866667
6198986.000000 6356478.800000
6198986.000000 6389585.800000
6198986.000000 6565265.333333
6198986.000000 7010168.933333
6198986.000000 6916454.133333
6198986.000000 6458247.800000
6198986.000000 6431017.466667
6198986.000000 6374438.200000
6198986.000000 6422190.533333
6198986.000000 6716615.533333
6198986.000000 7121231.866667
6198664.000000 6988222.733333
6198986.000000 7225960.733333
6198686.000000 6853210.066667
6198686.000000 6405274.800000
6198686.000000 6885950.800000
6198686.000000 6440339.866667
6198686.000000 6494658.333333
6198686.000000 6860180.933333
6198686.000000 7050140.466667
6198686.000000 6985221.266667
6198686.000000 6842481.333333
6198686.000000 6411094.200000
6198686.000000 6388499.866667
6198686.000000 6406429.933333
6198686.000000 6394789.266667
6198686.000000 6474170.066667
6198686.000000 6753403.933333
6198686.000000 7166522.333333
6198686.000000 7451535.133333
6198686.000000 6213798.000000
6198686.000000 6369981.000000
6198686.000000 6579467.133333
6198686.000000 6408656.400000
6198686.000000 6568858.133333
6198686.000000 6585922.133333
6198686.000000 6805142.266667
6196562.000000 7063976.333333
6196562.000000 7420563.266667
6196562.000000 7689421.733333
6196562.000000 7283316.800000
6196562.000000 7083951.066667
6196562.000000 8359320.000000
6196562.000000 6668400.533333
6196562.000000 6965030.066667
6196562.000000 6652713.200000
6196562.000000 6668710.533333
6196562.000000 7056624.600000
6196562.000000 6527315.133333
6196562.000000 6510822.200000
6196562.000000 6549208.000000
6196562.000000 6702751.266667
6196562.000000 6602644.933333
6196562.000000 6891937.733333
6196562.000000 6837409.933333
6196562.000000 6570898.266667
6196562.000000 6421663.400000
6196562.000000 6300584.400000
6196082.000000 6363938.733333
6196082.000000 6741157.066667
6196562.000000 6787035.933333
6196562.000000 7282617.533333
6196562.000000 7492097.066667
6196562.000000 7080423.866667
6196562.000000 7236744.800000
6196562.000000 6900774.400000
6196562.000000 6715424.533333
6196562.000000 6572807.600000
6196562.000000 6485427.000000
6196562.000000 6420495.066667
6196562.000000 6461713.733333
6196562.000000 7035179.200000
6196562.000000 6834146.133333
6196562.000000 6743530.933333
6196562.000000 6488815.866667
6196562.000000 6525664.400000
6196562.000000 6583994.066667
6196562.000000 6264270.400000
6196562.000000 6208907.333333
6196562.000000 6373941.200000
6196562.000000 6452032.733333
6195422.000000 6275580.066667
6195422.000000 6458209.200000
6195422.000000 6598173.400000
6195422.000000 6666978.466667
6196562.000000 6330170.400000
6196562.000000 6464219.866667
6196562.000000 6575645.333333
6196562.000000 6615795.066667
6196324.000000 6667097.866667
6196324.000000 6638119.866667
6196324.000000 6808572.866667
6196324.000000 6508128.800000
6196324.000000 6631350.066667
6196324.000000 6469303.733333
6196324.000000 6853980.066667
6196324.000000 7157188.200000
6196324.000000 6786003.400000
6196324.000000 6357249.066667
6194724.000000 6606383.800000
6194724.000000 6478919.333333
6196324.000000 6433796.066667
6196324.000000 6619815.133333
6196324.000000 6494168.733333
6191146.000000 6864517.600000
6191146.000000 7040869.800000
6191146.000000 6686503.933333
6191146.000000 7062595.266667
6191146.000000 8063822.000000
6191146.000000 7144598.800000
6191146.000000 6746545.533333
6191146.000000 6725161.933333
6191146.000000 6797154.800000
6191146.000000 6463458.133333
6190034.000000 7845654.400000
6191146.000000 6858242.333333
6191146.000000 7018082.400000
6191146.000000 6769701.200000
6191146.000000 6543592.466667
6191146.000000 6686672.333333
6191146.000000 6760254.600000
6191146.000000 6724384.600000
6191146.000000 6613927.933333
6189546.000000 6681826.066667
6189546.000000 6728267.133333
6189546.000000 6863203.533333
6190960.000000 6845791.466667
6190960.000000 7257204.266667
6190960.000000 6833904.333333
6190960.000000 6748954.866667
6190960.000000 6936623.800000
6190960.000000 6937368.066667
6190960.000000 7419643.600000
6190960.000000 7297507.933333
6190960.000000 7387108.000000
6190960.000000 7124777.266667
6190960.000000 7491765.600000
6190960.000000 7387285.000000
6190960.000000 7210225.200000
6190960.000000 7426855.266667
6190960.000000 7179445.400000
6175560.000000 6842136.000000
6175560.000000 6676176.666667
6175560.000000 6565055.200000
6175560.000000 6329140.400000
6175560.000000 6663226.933333
6175560.000000 6379375.000000
6175560.000000 6793009.933333
6175560.000000 6598406.266667
6174280.000000 6532818.933333
6174280.000000 6725595.600000
6174280.000000 6771804.800000
6174280.000000 6510985.000000
6174280.000000 6488817.533333
6174280.000000 6271762.733333
6174280.000000 6592052.000000
6174280.000000 6493293.200000
6174280.000000 6220489.466667
6174280.000000 6285548.666667
6174280.000000 6220736.333333
6174280.000000 6220663.933333
6174280.000000 6250350.666667
6174280.000000 6574712.933333
6174280.000000 6704249.600000
6174280.000000 6854031.066667
6174280.000000 6410723.666667
6174280.000000 6785805.800000
6174280.000000 6686404.733333
6174280.000000 6893409.733333
6174280.000000 6761875.933333
6174280.000000 6885854.800000
6174280.000000 6894091.133333
6174280.000000 6617119.200000
6174280.000000 6607604.866667
6174280.000000 6503287.266667
6174280.000000 6551847.266667
6173800.000000 6231367.400000
6174280.000000 6549818.000000
6174280.000000 6463300.333333
6174280.000000 7131037.266667
6174280.000000 7426849.600000
6174280.000000 7161036.333333
6174280.000000 7098779.400000
6174280.000000 7056464.133333
6174280.000000 7079586.266667
6174280.000000 7140992.133333
6174280.000000 6717540.600000
6174280.000000 6677230.800000
6174280.000000 6234990.400000
6174280.000000 6280026.266667
6174280.000000 6985943.466667
6174280.000000 6360649.933333
6174280.000000 6422195.333333
6174280.000000 6458609.400000
6174280.000000 6700846.266667
6174280.000000 7035353.533333
6174280.000000 6552765.266667
6174280.000000 6360103.533333
6174280.000000 6984700.600000
6174280.000000 6711000.533333
6174280.000000 7060701.666667
6174280.000000 6713676.066667
6173168.000000 6473079.266667
6173168.000000 6775393.866667
6173168.000000 7018217.866667
6173168.000000 6651709.200000
6173168.000000 6532573.733333
6173168.000000 6960299.333333
6173168.000000 7128750.733333
6173168.000000 7194078.333333
6173168.000000 7397050.266667
6173168.000000 7240984.600000
6173168.000000 6767700.533333
6173168.000000 6717997.333333
6173168.000000 7251167.533333
6173168.000000 6457882.800000
6173168.000000 6604229.666667
6173168.000000 7031688.266667
6173168.000000 6910927.466667
6173168.000000 7312235.133333
6173168.000000 7019373.266667
6173168.000000 7369093.000000
6173168.000000 7403499.800000
6173168.000000 7322176.600000
6173168.000000 7548198.866667
6173168.000000 8059454.133333
6173168.000000 6969762.266667
6173168.000000 7150772.466667
6173168.000000 7111402.533333
6173168.000000 7006815.800000
6173168.000000 6753147.533333
6173168.000000 7101550.333333
6170004.000000 6482882.266667
6170004.000000 6493685.866667
6170004.000000 6802408.866667
6170004.000000 6398840.200000
6170004.000000 6965752.800000
6170004.000000 6998066.666667
6170004.000000 7275570.066667
6170004.000000 6842389.800000
6170004.000000 6797135.733333
6170004.000000 7209255.533333
6170004.000000 7313455.800000
6170004.000000 7164813.200000
6170004.000000 7717499.600000
6170004.000000 8048425.666667
6170004.000000 6993806.000000
6170004.000000 7303794.733333
6170004.000000 7634634.933333
6170004.000000 7191049.266667
6170004.000000 7343386.666667
6170004.000000 6983633.600000
6170004.000000 6950111.666667
6170004.000000 6762798.400000
6170004.000000 6919522.266667
6170004.000000 6678581.933333
6170004.000000 6687820.133333
6170004.000000 6673959.800000
6170004.000000 7490965.200000
6170004.000000 7322813.200000
6170004.000000 7323531.266667
6170004.000000 6665700.533333
6170004.000000 6509851.133333
6168294.000000 6617673.533333
6168294.000000 6562606.600000
6168294.000000 6596804.466667
6164284.000000 6639040.666667
6164284.000000 6823887.800000
6164284.000000 6561687.466667
6164284.000000 6638355.933333
6164284.000000 6536039.866667
6164284.000000 7046446.933333
6164284.000000 6757612.666667
6164284.000000 6873795.533333
6164284.000000 6371810.333333
6164284.000000 6989754.200000
6164284.000000 7615514.600000
6164284.000000 6780177.000000
6164284.000000 7005403.133333
6164284.000000 6324674.666667
6164284.000000 6322884.533333
6164284.000000 6362121.600000
6164284.000000 6383421.533333
6164284.000000 6631154.133333
6164284.000000 7004981.933333
6164284.000000 6996112.266667
6164284.000000 6801721.200000
6164284.000000 6198594.000000
6164284.000000 6433479.400000
6164284.000000 6549821.666667
6164284.000000 6292318.600000
6164284.000000 6352511.333333
6164284.000000 6758291.466667
6164284.000000 6611240.400000
6164284.000000 6931833.200000
6164284.000000 7113451.933333
6164284.000000 6639390.333333
6164284.000000 6758448.733333
6164284.000000 6642615.466667
6164284.000000 6428068.800000
6164284.000000 6636434.666667
6164284.000000 6965770.933333
6164284.000000 7283595.400000
6164284.000000 7133069.800000
6164284.000000 7115681.866667
6164284.000000 6951759.133333
6164284.000000 6747742.933333
6164284.000000 6668872.333333
6164284.000000 6318086.866667
6164284.000000 6686745.133333
6164284.000000 6577141.800000
6164284.000000 6830658.200000
6164284.000000 6790916.533333
6164284.000000 6825134.733333
6164284.000000 6550929.666667
6164284.000000 7165932.333333
6164284.000000 7483933.000000
6164284.000000 7399337.866667
6164284.000000 6970192.066667
6164284.000000 6912204.533333
6164284.000000 6552917.266667
6164284.000000 6729185.733333
6164284.000000 6552280.866667
6164284.000000 6529869.133333
6164284.000000 6929384.533333
6164284.000000 7077607.400000
6164284.000000 7015134.000000
6164284.000000 6568103.333333
6164284.000000 7274689.866667
6164284.000000 6852637.000000
6164284.000000 6521722.733333
6164284.000000 6536377.333333
6164284.000000 6482781.733333
6164284.000000 6711968.000000
6164284.000000 7004418.133333
6164284.000000 6604177.733333
6164284.000000 6487023.066667
6164284.000000 6383931.666667
6164284.000000 6347375.600000
6164284.000000 6362839.000000
6164284.000000 6934719.933333
6164284.000000 6604426.933333
6164284.000000 6456356.066667
6164284.000000 6492565.533333
6164284.000000 6391281.333333
6164284.000000 6555142.133333
6164284.000000 6891421.066667
6164284.000000 6858412.666667
6164284.000000 6871197.200000
6164284.000000 7183005.333333
6164284.000000 6747545.933333
6164284.000000 6829628.200000
6164284.000000 7174778.800000
6164284.000000 6801637.733333
6164284.000000 6676271.933333
6164284.000000 6252301.933333
6164284.000000 6232339.266667
6164284.000000 6397090.200000
6164284.000000 6295600.733333
6164284.000000 6687946.933333
6164284.000000 6448528.133333
6164284.000000 6822917.333333
6164284.000000 6698078.000000
6164284.000000 6936466.533333
6164284.000000 7005943.733333
6164284.000000 6885656.800000
6164284.000000 6818339.933333
6164284.000000 6888612.133333
6164284.000000 7087524.800000
6164284.000000 6718126.866667
6164284.000000 6939797.200000
6164284.000000 7382092.800000
6164284.000000 6790214.000000
6164284.000000 6173295.733333
6164284.000000 6326440.000000
6164284.000000 6467716.533333
6164284.000000 6391255.200000
6164284.000000 6282067.666667
6164284.000000 6402236.133333
6164284.000000 6385033.600000
6164284.000000 6222166.133333
6164284.000000 6551741.266667
6164284.000000 6623396.933333
6164284.000000 6813004.333333
6164284.000000 7133250.800000
6164284.000000 7540897.866667
6164284.000000 7138837.533333
6164284.000000 6288588.600000
6164284.000000 6260917.133333
6164284.000000 6248085.800000
6164284.000000 6744045.466667
6164284.000000 6840021.266667
6164284.000000 6884625.266667
6164284.000000 6601305.133333
6164284.000000 6328247.866667
6164284.000000 6471470.333333
6164284.000000 6360186.733333
6164284.000000 6522375.200000
6164284.000000 6532304.666667
6164284.000000 6661642.933333
6164284.000000 6550563.933333
6164284.000000 6903425.666667
6164284.000000 6514393.133333
6164284.000000 6531152.200000
6164284.000000 6682456.333333
6164284.000000 6801524.533333
6164284.000000 6741607.266667
6160696.000000 6561691.600000
6164284.000000 6583173.666667
6164284.000000 6903566.000000
6164284.000000 6947314.533333
6164284.000000 6727629.933333
6164284.000000 7640275.933333
6164284.000000 6825301.666667
6164284.000000 6590647.800000
6164284.000000 6420801.800000
6164284.000000 6382544.600000
6164284.000000 6291754.866667
6164284.000000 6309193.133333
6164284.000000 6776792.000000
6164284.000000 6235992.066667
6164284.000000 6378765.800000
6164284.000000 6769165.333333
6164284.000000 6572651.866667
6164284.000000 6533849.000000
6164284.000000 6838992.600000
6164284.000000 6492947.666667
6164284.000000 6584470.733333
6164284.000000 6544656.666667
6164284.000000 6979813.066667
6164284.000000 7185620.866667
6164284.000000 7315327.800000
6164284.000000 6345779.333333
6164284.000000 6756478.266667
6164284.000000 6525345.866667
6164284.000000 6844485.266667
6164284.000000 6384436.533333
6164284.000000 6618713.533333
6164284.000000 6937926.733333
6164284.000000 6973058.733333
6164284.000000 6380463.000000
6164284.000000 6317108.800000
6164284.000000 6360120.533333
6164284.000000 6464409.866667
6164284.000000 7088331.333333
6164284.000000 6447940.400000
6164284.000000 6611202.000000
6164284.000000 6684465.000000
6164284.000000 6228942.133333
6164284.000000 6433106.200000
6164284.000000 6416668.866667
6164284.000000 6314567.800000
6164284.000000 6548709.800000
6164284.000000 6919026.800000
6164284.000000 6433738.266667
6164284.000000 6468278.800000
6164284.000000 6950400.466667
6164284.000000 7309604.200000
6164284.000000 6418389.066667
6164284.000000 7100507.200000
6164284.000000 6654173.733333
6164284.000000 6677234.266667
6164284.000000 6434997.133333
6164284.000000 6519921.733333
6164284.000000 6722792.866667
6164284.000000 6814798.133333
6164284.000000 6813699.600000
6164284.000000 6362872.666667
6164284.000000 6779260.333333
6164284.000000 6630172.000000
6164284.000000 6535627.466667
6164284.000000 6869773.866667
6164284.000000 6801961.866667
6162574.000000 6592058.866667
6164284.000000 6942062.466667
6164284.000000 6542852.800000
6164284.000000 6416331.200000
6164284.000000 6690611.466667
6164200.000000 6656021.933333
6164200.000000 6573183.800000
6164200.000000 6567059.133333
6164200.000000 6920866.333333
6164200.000000 6458087.066667
6164200.000000 6765348.666667
6164284.000000 6329215.066667
6164284.000000 6541124.733333
6164284.000000 6471843.466667
6164284.000000 6620254.133333
6164284.000000 6717199.600000
6164284.000000 6472930.733333
6164284.000000 6531416.666667
6164284.000000 6258502.666667
6164284.000000 6486669.666667
6164284.000000 6495073.200000
6164284.000000 6402067.466667
6164284.000000 6803049.466667
6164284.000000 6762845.600000
6164284.000000 6424838.933333
6164284.000000 6847518.533333
6164284.000000 6830750.866667
6164284.000000 6253860.333333
6164284.000000 6536460.933333
6164284.000000 6651214.066667
6164284.000000 6363472.933333
6164284.000000 6402306.866667
6164284.000000 6595051.333333
6160696.000000 6165645.400000
6160696.000000 6358887.666667
6160696.000000 6536261.066667
6160696.000000 6374534.400000
6160696.000000 6452543.933333
6160696.000000 6475314.466667
6160696.000000 6747120.066667
6160696.000000 7134643.200000
6160696.000000 7109768.933333
6160696.000000 7547913.800000
6160696.000000 7367024.866667
6160696.000000 6991623.266667
6160696.000000 6736079.533333
6160696.000000 6576957.800000
6160696.000000 6581526.533333
6160696.000000 6620046.866667
6160696.000000 6677424.733333
6160696.000000 7245331.800000
6160696.000000 6604861.666667
6160696.000000 6834483.400000
6160696.000000 6723586.400000
6160696.000000 6428620.933333
6160696.000000 6468369.133333
6160696.000000 6698217.666667
6160696.000000 6828219.733333
6160696.000000 7200972.800000
6160696.000000 7101193.133333
6160696.000000 6541550.200000
6160696.000000 6245566.066667
6160696.000000 6317248.266667
6160696.000000 6164828.200000
6160696.000000 6470950.400000
6160696.000000 6443815.333333
6160696.000000 6743815.266667
6160696.000000 7270139.400000
6160696.000000 6931376.666667
6160696.000000 6497369.666667
6160696.000000 6518563.666667
6160696.000000 6891612.866667
6160696.000000 6802343.600000
6160696.000000 7101164.733333
6160696.000000 6803939.733333
6160696.000000 7225392.266667
6160696.000000 6921156.666667
6160696.000000 6602079.333333
6160696.000000 7569081.733333
6160696.000000 7714855.133333
6160696.000000 7281005.266667
6160612.000000 7068021.466667
6160612.000000 6234437.666667
6160612.000000 7408780.066667
6160612.000000 6997931.466667
6160612.000000 6833349.666667
6160612.000000 6835517.466667
6160612.000000 6616253.000000
6160612.000000 6846884.666667
6160612.000000 6837606.066667
6160612.000000 6678467.333333
6160612.000000 6361372.733333
6160612.000000 6456217.400000
6160612.000000 6544774.866667
6160612.000000 6214324.400000
6160612.000000 6287325.000000
6160612.000000 6985659.400000
6160612.000000 7018794.733333
6160612.000000 6814468.400000
6160612.000000 6788355.266667
6160612.000000 7000114.266667
6160612.000000 6894228.600000
6160612.000000 6803632.000000
6160612.000000 6843856.800000
6160612.000000 7340512.066667
6160612.000000 7565813.600000
6160612.000000 7128412.466667
6160612.000000 7158476.666667
6160612.000000 7061775.400000
6160612.000000 6766562.000000
6160612.000000 6673030.066667
6160612.000000 6348478.133333
6160612.000000 6317193.266667
6159012.000000 6576868.866667
6159012.000000 6610502.266667
6159012.000000 6425172.733333
6159012.000000 6520762.133333
6159012.000000 6677222.466667
6159012.000000 6459212.000000
6159012.000000 6307880.933333
6159012.000000 6437067.866667
6159012.000000 6457595.333333
6159012.000000 6660198.600000
6159012.000000 6668421.400000
6159012.000000 6520766.933333
6159012.000000 6494884.400000
6159012.000000 6223741.200000
6159012.000000 6352680.933333
6159012.000000 6972092.133333
6159012.000000 6481105.200000
6159012.000000 6359467.933333
6159012.000000 6428280.066667
6159012.000000 6303484.266667
6159012.000000 6324126.266667
6159012.000000 6511857.866667
6159012.000000 6731286.066667
6159012.000000 6569185.600000
6159012.000000 6586343.133333
6159012.000000 6703903.133333
6159012.000000 6695720.400000
6159012.000000 7386597.400000

6159012.000000

wmdr;/luc.
isatxzeohn
kp,yjqfbgv
